The system is: Linux - 3.10.0-327.13.1.el7.x86_64 - x86_64
Compiling the CXX compiler identification source file "CMakeCXXCompilerId.cpp" succeeded.
Compiler: /usr/bin/c++ 
Build flags: 
Id flags: 

The output was:
0


Compilation of the CXX compiler identification source "CMakeCXXCompilerId.cpp" produced "a.out"

The CXX compiler identification is GNU, found in "/cluster/2020shachem/CSL/CMakeFiles/2.8.12.2/CompilerIdCXX/a.out"

Compiling the C compiler identification source file "CMakeCCompilerId.c" succeeded.
Compiler: /usr/bin/cc 
Build flags: 
Id flags: 

The output was:
0


Compilation of the C compiler identification source "CMakeCCompilerId.c" produced "a.out"

The C compiler identification is GNU, found in "/cluster/2020shachem/CSL/CMakeFiles/2.8.12.2/CompilerIdC/a.out"

Determining if the CXX compiler works passed with the following output:
Change Dir: /cluster/2020shachem/CSL/CMakeFiles/CMakeTmp

Run Build Command:/usr/bin/gmake "cmTryCompileExec1498663797/fast"
/usr/bin/gmake -f CMakeFiles/cmTryCompileExec1498663797.dir/build.make CMakeFiles/cmTryCompileExec1498663797.dir/build
gmake[1]: Entering directory `/cluster/2020shachem/CSL/CMakeFiles/CMakeTmp'
/usr/bin/cmake -E cmake_progress_report /cluster/2020shachem/CSL/CMakeFiles/CMakeTmp/CMakeFiles 1
Building CXX object CMakeFiles/cmTryCompileExec1498663797.dir/testCXXCompiler.cxx.o
/usr/bin/c++     -o CMakeFiles/cmTryCompileExec1498663797.dir/testCXXCompiler.cxx.o -c /cluster/2020shachem/CSL/CMakeFiles/CMakeTmp/testCXXCompiler.cxx
Linking CXX executable cmTryCompileExec1498663797
/usr/bin/cmake -E cmake_link_script CMakeFiles/cmTryCompileExec1498663797.dir/link.txt --verbose=1
/usr/bin/c++        CMakeFiles/cmTryCompileExec1498663797.dir/testCXXCompiler.cxx.o  -o cmTryCompileExec1498663797 -rdynamic 
gmake[1]: Leaving directory `/cluster/2020shachem/CSL/CMakeFiles/CMakeTmp'


Detecting CXX compiler ABI info compiled with the following output:
Change Dir: /cluster/2020shachem/CSL/CMakeFiles/CMakeTmp

Run Build Command:/usr/bin/gmake "cmTryCompileExec408368094/fast"
/usr/bin/gmake -f CMakeFiles/cmTryCompileExec408368094.dir/build.make CMakeFiles/cmTryCompileExec408368094.dir/build
gmake[1]: Entering directory `/cluster/2020shachem/CSL/CMakeFiles/CMakeTmp'
/usr/bin/cmake -E cmake_progress_report /cluster/2020shachem/CSL/CMakeFiles/CMakeTmp/CMakeFiles 1
Building CXX object CMakeFiles/cmTryCompileExec408368094.dir/CMakeCXXCompilerABI.cpp.o
/usr/bin/c++     -o CMakeFiles/cmTryCompileExec408368094.dir/CMakeCXXCompilerABI.cpp.o -c /usr/share/cmake/Modules/CMakeCXXCompilerABI.cpp
Linking CXX executable cmTryCompileExec408368094
/usr/bin/cmake -E cmake_link_script CMakeFiles/cmTryCompileExec408368094.dir/link.txt --verbose=1
/usr/bin/c++      -v CMakeFiles/cmTryCompileExec408368094.dir/CMakeCXXCompilerABI.cpp.o  -o cmTryCompileExec408368094 -rdynamic  
Using built-in specs.
COLLECT_GCC=/usr/bin/c++
COLLECT_LTO_WRAPPER=/usr/libexec/gcc/x86_64-redhat-linux/4.8.5/lto-wrapper
Target: x86_64-redhat-linux
Configured with: ../configure --prefix=/usr --mandir=/usr/share/man --infodir=/usr/share/info --with-bugurl=http://bugzilla.redhat.com/bugzilla --enable-bootstrap --enable-shared --enable-threads=posix --enable-checking=release --with-system-zlib --enable-__cxa_atexit --disable-libunwind-exceptions --enable-gnu-unique-object --enable-linker-build-id --with-linker-hash-style=gnu --enable-languages=c,c++,objc,obj-c++,java,fortran,ada,go,lto --enable-plugin --enable-initfini-array --disable-libgcj --with-isl=/builddir/build/BUILD/gcc-4.8.5-20150702/obj-x86_64-redhat-linux/isl-install --with-cloog=/builddir/build/BUILD/gcc-4.8.5-20150702/obj-x86_64-redhat-linux/cloog-install --enable-gnu-indirect-function --with-tune=generic --with-arch_32=x86-64 --build=x86_64-redhat-linux
Thread model: posix
gcc version 4.8.5 20150623 (Red Hat 4.8.5-28) (GCC) 
COMPILER_PATH=/usr/libexec/gcc/x86_64-redhat-linux/4.8.5/:/usr/libexec/gcc/x86_64-redhat-linux/4.8.5/:/usr/libexec/gcc/x86_64-redhat-linux/:/usr/lib/gcc/x86_64-redhat-linux/4.8.5/:/usr/lib/gcc/x86_64-redhat-linux/
LIBRARY_PATH=/usr/lib/gcc/x86_64-redhat-linux/4.8.5/:/usr/lib/gcc/x86_64-redhat-linux/4.8.5/../../../../lib64/:/lib/../lib64/:/usr/lib/../lib64/:/usr/lib/gcc/x86_64-redhat-linux/4.8.5/../../../:/lib/:/usr/lib/
COLLECT_GCC_OPTIONS='-v' '-o' 'cmTryCompileExec408368094' '-rdynamic' '-shared-libgcc' '-mtune=generic' '-march=x86-64'
 /usr/libexec/gcc/x86_64-redhat-linux/4.8.5/collect2 --build-id --no-add-needed --eh-frame-hdr --hash-style=gnu -m elf_x86_64 -export-dynamic -dynamic-linker /lib64/ld-linux-x86-64.so.2 -o cmTryCompileExec408368094 /usr/lib/gcc/x86_64-redhat-linux/4.8.5/../../../../lib64/crt1.o /usr/lib/gcc/x86_64-redhat-linux/4.8.5/../../../../lib64/crti.o /usr/lib/gcc/x86_64-redhat-linux/4.8.5/crtbegin.o -L/usr/lib/gcc/x86_64-redhat-linux/4.8.5 -L/usr/lib/gcc/x86_64-redhat-linux/4.8.5/../../../../lib64 -L/lib/../lib64 -L/usr/lib/../lib64 -L/usr/lib/gcc/x86_64-redhat-linux/4.8.5/../../.. CMakeFiles/cmTryCompileExec408368094.dir/CMakeCXXCompilerABI.cpp.o -lstdc++ -lm -lgcc_s -lgcc -lc -lgcc_s -lgcc /usr/lib/gcc/x86_64-redhat-linux/4.8.5/crtend.o /usr/lib/gcc/x86_64-redhat-linux/4.8.5/../../../../lib64/crtn.o
gmake[1]: Leaving directory `/cluster/2020shachem/CSL/CMakeFiles/CMakeTmp'


Parsed CXX implicit link information from above output:
  link line regex: [^( *|.*[/\])(ld|([^/\]+-)?ld|collect2)[^/\]*( |$)]
  ignore line: [Change Dir: /cluster/2020shachem/CSL/CMakeFiles/CMakeTmp]
  ignore line: []
  ignore line: [Run Build Command:/usr/bin/gmake "cmTryCompileExec408368094/fast"]
  ignore line: [/usr/bin/gmake -f CMakeFiles/cmTryCompileExec408368094.dir/build.make CMakeFiles/cmTryCompileExec408368094.dir/build]
  ignore line: [gmake[1]: Entering directory `/cluster/2020shachem/CSL/CMakeFiles/CMakeTmp']
  ignore line: [/usr/bin/cmake -E cmake_progress_report /cluster/2020shachem/CSL/CMakeFiles/CMakeTmp/CMakeFiles 1]
  ignore line: [Building CXX object CMakeFiles/cmTryCompileExec408368094.dir/CMakeCXXCompilerABI.cpp.o]
  ignore line: [/usr/bin/c++     -o CMakeFiles/cmTryCompileExec408368094.dir/CMakeCXXCompilerABI.cpp.o -c /usr/share/cmake/Modules/CMakeCXXCompilerABI.cpp]
  ignore line: [Linking CXX executable cmTryCompileExec408368094]
  ignore line: [/usr/bin/cmake -E cmake_link_script CMakeFiles/cmTryCompileExec408368094.dir/link.txt --verbose=1]
  ignore line: [/usr/bin/c++      -v CMakeFiles/cmTryCompileExec408368094.dir/CMakeCXXCompilerABI.cpp.o  -o cmTryCompileExec408368094 -rdynamic  ]
  ignore line: [Using built-in specs.]
  ignore line: [COLLECT_GCC=/usr/bin/c++]
  ignore line: [COLLECT_LTO_WRAPPER=/usr/libexec/gcc/x86_64-redhat-linux/4.8.5/lto-wrapper]
  ignore line: [Target: x86_64-redhat-linux]
  ignore line: [Configured with: ../configure --prefix=/usr --mandir=/usr/share/man --infodir=/usr/share/info --with-bugurl=http://bugzilla.redhat.com/bugzilla --enable-bootstrap --enable-shared --enable-threads=posix --enable-checking=release --with-system-zlib --enable-__cxa_atexit --disable-libunwind-exceptions --enable-gnu-unique-object --enable-linker-build-id --with-linker-hash-style=gnu --enable-languages=c,c++,objc,obj-c++,java,fortran,ada,go,lto --enable-plugin --enable-initfini-array --disable-libgcj --with-isl=/builddir/build/BUILD/gcc-4.8.5-20150702/obj-x86_64-redhat-linux/isl-install --with-cloog=/builddir/build/BUILD/gcc-4.8.5-20150702/obj-x86_64-redhat-linux/cloog-install --enable-gnu-indirect-function --with-tune=generic --with-arch_32=x86-64 --build=x86_64-redhat-linux]
  ignore line: [Thread model: posix]
  ignore line: [gcc version 4.8.5 20150623 (Red Hat 4.8.5-28) (GCC) ]
  ignore line: [COMPILER_PATH=/usr/libexec/gcc/x86_64-redhat-linux/4.8.5/:/usr/libexec/gcc/x86_64-redhat-linux/4.8.5/:/usr/libexec/gcc/x86_64-redhat-linux/:/usr/lib/gcc/x86_64-redhat-linux/4.8.5/:/usr/lib/gcc/x86_64-redhat-linux/]
  ignore line: [LIBRARY_PATH=/usr/lib/gcc/x86_64-redhat-linux/4.8.5/:/usr/lib/gcc/x86_64-redhat-linux/4.8.5/../../../../lib64/:/lib/../lib64/:/usr/lib/../lib64/:/usr/lib/gcc/x86_64-redhat-linux/4.8.5/../../../:/lib/:/usr/lib/]
  ignore line: [COLLECT_GCC_OPTIONS='-v' '-o' 'cmTryCompileExec408368094' '-rdynamic' '-shared-libgcc' '-mtune=generic' '-march=x86-64']
  link line: [ /usr/libexec/gcc/x86_64-redhat-linux/4.8.5/collect2 --build-id --no-add-needed --eh-frame-hdr --hash-style=gnu -m elf_x86_64 -export-dynamic -dynamic-linker /lib64/ld-linux-x86-64.so.2 -o cmTryCompileExec408368094 /usr/lib/gcc/x86_64-redhat-linux/4.8.5/../../../../lib64/crt1.o /usr/lib/gcc/x86_64-redhat-linux/4.8.5/../../../../lib64/crti.o /usr/lib/gcc/x86_64-redhat-linux/4.8.5/crtbegin.o -L/usr/lib/gcc/x86_64-redhat-linux/4.8.5 -L/usr/lib/gcc/x86_64-redhat-linux/4.8.5/../../../../lib64 -L/lib/../lib64 -L/usr/lib/../lib64 -L/usr/lib/gcc/x86_64-redhat-linux/4.8.5/../../.. CMakeFiles/cmTryCompileExec408368094.dir/CMakeCXXCompilerABI.cpp.o -lstdc++ -lm -lgcc_s -lgcc -lc -lgcc_s -lgcc /usr/lib/gcc/x86_64-redhat-linux/4.8.5/crtend.o /usr/lib/gcc/x86_64-redhat-linux/4.8.5/../../../../lib64/crtn.o]
    arg [/usr/libexec/gcc/x86_64-redhat-linux/4.8.5/collect2] ==> ignore
    arg [--build-id] ==> ignore
    arg [--no-add-needed] ==> ignore
    arg [--eh-frame-hdr] ==> ignore
    arg [--hash-style=gnu] ==> ignore
    arg [-m] ==> ignore
    arg [elf_x86_64] ==> ignore
    arg [-export-dynamic] ==> ignore
    arg [-dynamic-linker] ==> ignore
    arg [/lib64/ld-linux-x86-64.so.2] ==> ignore
    arg [-o] ==> ignore
    arg [cmTryCompileExec408368094] ==> ignore
    arg [/usr/lib/gcc/x86_64-redhat-linux/4.8.5/../../../../lib64/crt1.o] ==> ignore
    arg [/usr/lib/gcc/x86_64-redhat-linux/4.8.5/../../../../lib64/crti.o] ==> ignore
    arg [/usr/lib/gcc/x86_64-redhat-linux/4.8.5/crtbegin.o] ==> ignore
    arg [-L/usr/lib/gcc/x86_64-redhat-linux/4.8.5] ==> dir [/usr/lib/gcc/x86_64-redhat-linux/4.8.5]
    arg [-L/usr/lib/gcc/x86_64-redhat-linux/4.8.5/../../../../lib64] ==> dir [/usr/lib/gcc/x86_64-redhat-linux/4.8.5/../../../../lib64]
    arg [-L/lib/../lib64] ==> dir [/lib/../lib64]
    arg [-L/usr/lib/../lib64] ==> dir [/usr/lib/../lib64]
    arg [-L/usr/lib/gcc/x86_64-redhat-linux/4.8.5/../../..] ==> dir [/usr/lib/gcc/x86_64-redhat-linux/4.8.5/../../..]
    arg [CMakeFiles/cmTryCompileExec408368094.dir/CMakeCXXCompilerABI.cpp.o] ==> ignore
    arg [-lstdc++] ==> lib [stdc++]
    arg [-lm] ==> lib [m]
    arg [-lgcc_s] ==> lib [gcc_s]
    arg [-lgcc] ==> lib [gcc]
    arg [-lc] ==> lib [c]
    arg [-lgcc_s] ==> lib [gcc_s]
    arg [-lgcc] ==> lib [gcc]
    arg [/usr/lib/gcc/x86_64-redhat-linux/4.8.5/crtend.o] ==> ignore
    arg [/usr/lib/gcc/x86_64-redhat-linux/4.8.5/../../../../lib64/crtn.o] ==> ignore
  remove lib [gcc_s]
  remove lib [gcc]
  remove lib [gcc_s]
  remove lib [gcc]
  collapse library dir [/usr/lib/gcc/x86_64-redhat-linux/4.8.5] ==> [/usr/lib/gcc/x86_64-redhat-linux/4.8.5]
  collapse library dir [/usr/lib/gcc/x86_64-redhat-linux/4.8.5/../../../../lib64] ==> [/usr/lib64]
  collapse library dir [/lib/../lib64] ==> [/lib64]
  collapse library dir [/usr/lib/../lib64] ==> [/usr/lib64]
  collapse library dir [/usr/lib/gcc/x86_64-redhat-linux/4.8.5/../../..] ==> [/usr/lib]
  implicit libs: [stdc++;m;c]
  implicit dirs: [/usr/lib/gcc/x86_64-redhat-linux/4.8.5;/usr/lib64;/lib64;/usr/lib]
  implicit fwks: []


Determining if the C compiler works passed with the following output:
Change Dir: /cluster/2020shachem/CSL/CMakeFiles/CMakeTmp

Run Build Command:/usr/bin/gmake "cmTryCompileExec3098578064/fast"
/usr/bin/gmake -f CMakeFiles/cmTryCompileExec3098578064.dir/build.make CMakeFiles/cmTryCompileExec3098578064.dir/build
gmake[1]: Entering directory `/cluster/2020shachem/CSL/CMakeFiles/CMakeTmp'
/usr/bin/cmake -E cmake_progress_report /cluster/2020shachem/CSL/CMakeFiles/CMakeTmp/CMakeFiles 1
Building C object CMakeFiles/cmTryCompileExec3098578064.dir/testCCompiler.c.o
/usr/bin/cc    -o CMakeFiles/cmTryCompileExec3098578064.dir/testCCompiler.c.o   -c /cluster/2020shachem/CSL/CMakeFiles/CMakeTmp/testCCompiler.c
Linking C executable cmTryCompileExec3098578064
/usr/bin/cmake -E cmake_link_script CMakeFiles/cmTryCompileExec3098578064.dir/link.txt --verbose=1
/usr/bin/cc       CMakeFiles/cmTryCompileExec3098578064.dir/testCCompiler.c.o  -o cmTryCompileExec3098578064 -rdynamic 
gmake[1]: Leaving directory `/cluster/2020shachem/CSL/CMakeFiles/CMakeTmp'


Detecting C compiler ABI info compiled with the following output:
Change Dir: /cluster/2020shachem/CSL/CMakeFiles/CMakeTmp

Run Build Command:/usr/bin/gmake "cmTryCompileExec2331590162/fast"
/usr/bin/gmake -f CMakeFiles/cmTryCompileExec2331590162.dir/build.make CMakeFiles/cmTryCompileExec2331590162.dir/build
gmake[1]: Entering directory `/cluster/2020shachem/CSL/CMakeFiles/CMakeTmp'
/usr/bin/cmake -E cmake_progress_report /cluster/2020shachem/CSL/CMakeFiles/CMakeTmp/CMakeFiles 1
Building C object CMakeFiles/cmTryCompileExec2331590162.dir/CMakeCCompilerABI.c.o
/usr/bin/cc    -o CMakeFiles/cmTryCompileExec2331590162.dir/CMakeCCompilerABI.c.o   -c /usr/share/cmake/Modules/CMakeCCompilerABI.c
Linking C executable cmTryCompileExec2331590162
/usr/bin/cmake -E cmake_link_script CMakeFiles/cmTryCompileExec2331590162.dir/link.txt --verbose=1
/usr/bin/cc     -v CMakeFiles/cmTryCompileExec2331590162.dir/CMakeCCompilerABI.c.o  -o cmTryCompileExec2331590162 -rdynamic  
Using built-in specs.
COLLECT_GCC=/usr/bin/cc
COLLECT_LTO_WRAPPER=/usr/libexec/gcc/x86_64-redhat-linux/4.8.5/lto-wrapper
Target: x86_64-redhat-linux
Configured with: ../configure --prefix=/usr --mandir=/usr/share/man --infodir=/usr/share/info --with-bugurl=http://bugzilla.redhat.com/bugzilla --enable-bootstrap --enable-shared --enable-threads=posix --enable-checking=release --with-system-zlib --enable-__cxa_atexit --disable-libunwind-exceptions --enable-gnu-unique-object --enable-linker-build-id --with-linker-hash-style=gnu --enable-languages=c,c++,objc,obj-c++,java,fortran,ada,go,lto --enable-plugin --enable-initfini-array --disable-libgcj --with-isl=/builddir/build/BUILD/gcc-4.8.5-20150702/obj-x86_64-redhat-linux/isl-install --with-cloog=/builddir/build/BUILD/gcc-4.8.5-20150702/obj-x86_64-redhat-linux/cloog-install --enable-gnu-indirect-function --with-tune=generic --with-arch_32=x86-64 --build=x86_64-redhat-linux
Thread model: posix
gcc version 4.8.5 20150623 (Red Hat 4.8.5-28) (GCC) 
COMPILER_PATH=/usr/libexec/gcc/x86_64-redhat-linux/4.8.5/:/usr/libexec/gcc/x86_64-redhat-linux/4.8.5/:/usr/libexec/gcc/x86_64-redhat-linux/:/usr/lib/gcc/x86_64-redhat-linux/4.8.5/:/usr/lib/gcc/x86_64-redhat-linux/
LIBRARY_PATH=/usr/lib/gcc/x86_64-redhat-linux/4.8.5/:/usr/lib/gcc/x86_64-redhat-linux/4.8.5/../../../../lib64/:/lib/../lib64/:/usr/lib/../lib64/:/usr/lib/gcc/x86_64-redhat-linux/4.8.5/../../../:/lib/:/usr/lib/
COLLECT_GCC_OPTIONS='-v' '-o' 'cmTryCompileExec2331590162' '-rdynamic' '-mtune=generic' '-march=x86-64'
 /usr/libexec/gcc/x86_64-redhat-linux/4.8.5/collect2 --build-id --no-add-needed --eh-frame-hdr --hash-style=gnu -m elf_x86_64 -export-dynamic -dynamic-linker /lib64/ld-linux-x86-64.so.2 -o cmTryCompileExec2331590162 /usr/lib/gcc/x86_64-redhat-linux/4.8.5/../../../../lib64/crt1.o /usr/lib/gcc/x86_64-redhat-linux/4.8.5/../../../../lib64/crti.o /usr/lib/gcc/x86_64-redhat-linux/4.8.5/crtbegin.o -L/usr/lib/gcc/x86_64-redhat-linux/4.8.5 -L/usr/lib/gcc/x86_64-redhat-linux/4.8.5/../../../../lib64 -L/lib/../lib64 -L/usr/lib/../lib64 -L/usr/lib/gcc/x86_64-redhat-linux/4.8.5/../../.. CMakeFiles/cmTryCompileExec2331590162.dir/CMakeCCompilerABI.c.o -lgcc --as-needed -lgcc_s --no-as-needed -lc -lgcc --as-needed -lgcc_s --no-as-needed /usr/lib/gcc/x86_64-redhat-linux/4.8.5/crtend.o /usr/lib/gcc/x86_64-redhat-linux/4.8.5/../../../../lib64/crtn.o
gmake[1]: Leaving directory `/cluster/2020shachem/CSL/CMakeFiles/CMakeTmp'


Parsed C implicit link information from above output:
  link line regex: [^( *|.*[/\])(ld|([^/\]+-)?ld|collect2)[^/\]*( |$)]
  ignore line: [Change Dir: /cluster/2020shachem/CSL/CMakeFiles/CMakeTmp]
  ignore line: []
  ignore line: [Run Build Command:/usr/bin/gmake "cmTryCompileExec2331590162/fast"]
  ignore line: [/usr/bin/gmake -f CMakeFiles/cmTryCompileExec2331590162.dir/build.make CMakeFiles/cmTryCompileExec2331590162.dir/build]
  ignore line: [gmake[1]: Entering directory `/cluster/2020shachem/CSL/CMakeFiles/CMakeTmp']
  ignore line: [/usr/bin/cmake -E cmake_progress_report /cluster/2020shachem/CSL/CMakeFiles/CMakeTmp/CMakeFiles 1]
  ignore line: [Building C object CMakeFiles/cmTryCompileExec2331590162.dir/CMakeCCompilerABI.c.o]
  ignore line: [/usr/bin/cc    -o CMakeFiles/cmTryCompileExec2331590162.dir/CMakeCCompilerABI.c.o   -c /usr/share/cmake/Modules/CMakeCCompilerABI.c]
  ignore line: [Linking C executable cmTryCompileExec2331590162]
  ignore line: [/usr/bin/cmake -E cmake_link_script CMakeFiles/cmTryCompileExec2331590162.dir/link.txt --verbose=1]
  ignore line: [/usr/bin/cc     -v CMakeFiles/cmTryCompileExec2331590162.dir/CMakeCCompilerABI.c.o  -o cmTryCompileExec2331590162 -rdynamic  ]
  ignore line: [Using built-in specs.]
  ignore line: [COLLECT_GCC=/usr/bin/cc]
  ignore line: [COLLECT_LTO_WRAPPER=/usr/libexec/gcc/x86_64-redhat-linux/4.8.5/lto-wrapper]
  ignore line: [Target: x86_64-redhat-linux]
  ignore line: [Configured with: ../configure --prefix=/usr --mandir=/usr/share/man --infodir=/usr/share/info --with-bugurl=http://bugzilla.redhat.com/bugzilla --enable-bootstrap --enable-shared --enable-threads=posix --enable-checking=release --with-system-zlib --enable-__cxa_atexit --disable-libunwind-exceptions --enable-gnu-unique-object --enable-linker-build-id --with-linker-hash-style=gnu --enable-languages=c,c++,objc,obj-c++,java,fortran,ada,go,lto --enable-plugin --enable-initfini-array --disable-libgcj --with-isl=/builddir/build/BUILD/gcc-4.8.5-20150702/obj-x86_64-redhat-linux/isl-install --with-cloog=/builddir/build/BUILD/gcc-4.8.5-20150702/obj-x86_64-redhat-linux/cloog-install --enable-gnu-indirect-function --with-tune=generic --with-arch_32=x86-64 --build=x86_64-redhat-linux]
  ignore line: [Thread model: posix]
  ignore line: [gcc version 4.8.5 20150623 (Red Hat 4.8.5-28) (GCC) ]
  ignore line: [COMPILER_PATH=/usr/libexec/gcc/x86_64-redhat-linux/4.8.5/:/usr/libexec/gcc/x86_64-redhat-linux/4.8.5/:/usr/libexec/gcc/x86_64-redhat-linux/:/usr/lib/gcc/x86_64-redhat-linux/4.8.5/:/usr/lib/gcc/x86_64-redhat-linux/]
  ignore line: [LIBRARY_PATH=/usr/lib/gcc/x86_64-redhat-linux/4.8.5/:/usr/lib/gcc/x86_64-redhat-linux/4.8.5/../../../../lib64/:/lib/../lib64/:/usr/lib/../lib64/:/usr/lib/gcc/x86_64-redhat-linux/4.8.5/../../../:/lib/:/usr/lib/]
  ignore line: [COLLECT_GCC_OPTIONS='-v' '-o' 'cmTryCompileExec2331590162' '-rdynamic' '-mtune=generic' '-march=x86-64']
  link line: [ /usr/libexec/gcc/x86_64-redhat-linux/4.8.5/collect2 --build-id --no-add-needed --eh-frame-hdr --hash-style=gnu -m elf_x86_64 -export-dynamic -dynamic-linker /lib64/ld-linux-x86-64.so.2 -o cmTryCompileExec2331590162 /usr/lib/gcc/x86_64-redhat-linux/4.8.5/../../../../lib64/crt1.o /usr/lib/gcc/x86_64-redhat-linux/4.8.5/../../../../lib64/crti.o /usr/lib/gcc/x86_64-redhat-linux/4.8.5/crtbegin.o -L/usr/lib/gcc/x86_64-redhat-linux/4.8.5 -L/usr/lib/gcc/x86_64-redhat-linux/4.8.5/../../../../lib64 -L/lib/../lib64 -L/usr/lib/../lib64 -L/usr/lib/gcc/x86_64-redhat-linux/4.8.5/../../.. CMakeFiles/cmTryCompileExec2331590162.dir/CMakeCCompilerABI.c.o -lgcc --as-needed -lgcc_s --no-as-needed -lc -lgcc --as-needed -lgcc_s --no-as-needed /usr/lib/gcc/x86_64-redhat-linux/4.8.5/crtend.o /usr/lib/gcc/x86_64-redhat-linux/4.8.5/../../../../lib64/crtn.o]
    arg [/usr/libexec/gcc/x86_64-redhat-linux/4.8.5/collect2] ==> ignore
    arg [--build-id] ==> ignore
    arg [--no-add-needed] ==> ignore
    arg [--eh-frame-hdr] ==> ignore
    arg [--hash-style=gnu] ==> ignore
    arg [-m] ==> ignore
    arg [elf_x86_64] ==> ignore
    arg [-export-dynamic] ==> ignore
    arg [-dynamic-linker] ==> ignore
    arg [/lib64/ld-linux-x86-64.so.2] ==> ignore
    arg [-o] ==> ignore
    arg [cmTryCompileExec2331590162] ==> ignore
    arg [/usr/lib/gcc/x86_64-redhat-linux/4.8.5/../../../../lib64/crt1.o] ==> ignore
    arg [/usr/lib/gcc/x86_64-redhat-linux/4.8.5/../../../../lib64/crti.o] ==> ignore
    arg [/usr/lib/gcc/x86_64-redhat-linux/4.8.5/crtbegin.o] ==> ignore
    arg [-L/usr/lib/gcc/x86_64-redhat-linux/4.8.5] ==> dir [/usr/lib/gcc/x86_64-redhat-linux/4.8.5]
    arg [-L/usr/lib/gcc/x86_64-redhat-linux/4.8.5/../../../../lib64] ==> dir [/usr/lib/gcc/x86_64-redhat-linux/4.8.5/../../../../lib64]
    arg [-L/lib/../lib64] ==> dir [/lib/../lib64]
    arg [-L/usr/lib/../lib64] ==> dir [/usr/lib/../lib64]
    arg [-L/usr/lib/gcc/x86_64-redhat-linux/4.8.5/../../..] ==> dir [/usr/lib/gcc/x86_64-redhat-linux/4.8.5/../../..]
    arg [CMakeFiles/cmTryCompileExec2331590162.dir/CMakeCCompilerABI.c.o] ==> ignore
    arg [-lgcc] ==> lib [gcc]
    arg [--as-needed] ==> ignore
    arg [-lgcc_s] ==> lib [gcc_s]
    arg [--no-as-needed] ==> ignore
    arg [-lc] ==> lib [c]
    arg [-lgcc] ==> lib [gcc]
    arg [--as-needed] ==> ignore
    arg [-lgcc_s] ==> lib [gcc_s]
    arg [--no-as-needed] ==> ignore
    arg [/usr/lib/gcc/x86_64-redhat-linux/4.8.5/crtend.o] ==> ignore
    arg [/usr/lib/gcc/x86_64-redhat-linux/4.8.5/../../../../lib64/crtn.o] ==> ignore
  remove lib [gcc]
  remove lib [gcc_s]
  remove lib [gcc]
  remove lib [gcc_s]
  collapse library dir [/usr/lib/gcc/x86_64-redhat-linux/4.8.5] ==> [/usr/lib/gcc/x86_64-redhat-linux/4.8.5]
  collapse library dir [/usr/lib/gcc/x86_64-redhat-linux/4.8.5/../../../../lib64] ==> [/usr/lib64]
  collapse library dir [/lib/../lib64] ==> [/lib64]
  collapse library dir [/usr/lib/../lib64] ==> [/usr/lib64]
  collapse library dir [/usr/lib/gcc/x86_64-redhat-linux/4.8.5/../../..] ==> [/usr/lib]
  implicit libs: [c]
  implicit dirs: [/usr/lib/gcc/x86_64-redhat-linux/4.8.5;/usr/lib64;/lib64;/usr/lib]
  implicit fwks: []


Determining if files inttypes.h exist passed with the following output:
Change Dir: /cluster/2020shachem/CSL/CMakeFiles/CMakeTmp

Run Build Command:/usr/bin/gmake "cmTryCompileExec3829990010/fast"
/usr/bin/gmake -f CMakeFiles/cmTryCompileExec3829990010.dir/build.make CMakeFiles/cmTryCompileExec3829990010.dir/build
gmake[1]: Entering directory `/cluster/2020shachem/CSL/CMakeFiles/CMakeTmp'
/usr/bin/cmake -E cmake_progress_report /cluster/2020shachem/CSL/CMakeFiles/CMakeTmp/CMakeFiles 1
Building C object CMakeFiles/cmTryCompileExec3829990010.dir/CheckIncludeFiles.c.o
/usr/bin/cc    -o CMakeFiles/cmTryCompileExec3829990010.dir/CheckIncludeFiles.c.o   -c /cluster/2020shachem/CSL/CMakeFiles/CMakeTmp/CheckIncludeFiles.c
Linking C executable cmTryCompileExec3829990010
/usr/bin/cmake -E cmake_link_script CMakeFiles/cmTryCompileExec3829990010.dir/link.txt --verbose=1
/usr/bin/cc       CMakeFiles/cmTryCompileExec3829990010.dir/CheckIncludeFiles.c.o  -o cmTryCompileExec3829990010 -rdynamic 
gmake[1]: Leaving directory `/cluster/2020shachem/CSL/CMakeFiles/CMakeTmp'


Determining if files memory.h exist passed with the following output:
Change Dir: /cluster/2020shachem/CSL/CMakeFiles/CMakeTmp

Run Build Command:/usr/bin/gmake "cmTryCompileExec2734482791/fast"
/usr/bin/gmake -f CMakeFiles/cmTryCompileExec2734482791.dir/build.make CMakeFiles/cmTryCompileExec2734482791.dir/build
gmake[1]: Entering directory `/cluster/2020shachem/CSL/CMakeFiles/CMakeTmp'
/usr/bin/cmake -E cmake_progress_report /cluster/2020shachem/CSL/CMakeFiles/CMakeTmp/CMakeFiles 1
Building C object CMakeFiles/cmTryCompileExec2734482791.dir/CheckIncludeFiles.c.o
/usr/bin/cc    -o CMakeFiles/cmTryCompileExec2734482791.dir/CheckIncludeFiles.c.o   -c /cluster/2020shachem/CSL/CMakeFiles/CMakeTmp/CheckIncludeFiles.c
Linking C executable cmTryCompileExec2734482791
/usr/bin/cmake -E cmake_link_script CMakeFiles/cmTryCompileExec2734482791.dir/link.txt --verbose=1
/usr/bin/cc       CMakeFiles/cmTryCompileExec2734482791.dir/CheckIncludeFiles.c.o  -o cmTryCompileExec2734482791 -rdynamic 
gmake[1]: Leaving directory `/cluster/2020shachem/CSL/CMakeFiles/CMakeTmp'


Determining if files stdint.h exist passed with the following output:
Change Dir: /cluster/2020shachem/CSL/CMakeFiles/CMakeTmp

Run Build Command:/usr/bin/gmake "cmTryCompileExec709063100/fast"
/usr/bin/gmake -f CMakeFiles/cmTryCompileExec709063100.dir/build.make CMakeFiles/cmTryCompileExec709063100.dir/build
gmake[1]: Entering directory `/cluster/2020shachem/CSL/CMakeFiles/CMakeTmp'
/usr/bin/cmake -E cmake_progress_report /cluster/2020shachem/CSL/CMakeFiles/CMakeTmp/CMakeFiles 1
Building C object CMakeFiles/cmTryCompileExec709063100.dir/CheckIncludeFiles.c.o
/usr/bin/cc    -o CMakeFiles/cmTryCompileExec709063100.dir/CheckIncludeFiles.c.o   -c /cluster/2020shachem/CSL/CMakeFiles/CMakeTmp/CheckIncludeFiles.c
Linking C executable cmTryCompileExec709063100
/usr/bin/cmake -E cmake_link_script CMakeFiles/cmTryCompileExec709063100.dir/link.txt --verbose=1
/usr/bin/cc       CMakeFiles/cmTryCompileExec709063100.dir/CheckIncludeFiles.c.o  -o cmTryCompileExec709063100 -rdynamic 
gmake[1]: Leaving directory `/cluster/2020shachem/CSL/CMakeFiles/CMakeTmp'


Determining if files sys/types.h exist passed with the following output:
Change Dir: /cluster/2020shachem/CSL/CMakeFiles/CMakeTmp

Run Build Command:/usr/bin/gmake "cmTryCompileExec2476030278/fast"
/usr/bin/gmake -f CMakeFiles/cmTryCompileExec2476030278.dir/build.make CMakeFiles/cmTryCompileExec2476030278.dir/build
gmake[1]: Entering directory `/cluster/2020shachem/CSL/CMakeFiles/CMakeTmp'
/usr/bin/cmake -E cmake_progress_report /cluster/2020shachem/CSL/CMakeFiles/CMakeTmp/CMakeFiles 1
Building C object CMakeFiles/cmTryCompileExec2476030278.dir/CheckIncludeFiles.c.o
/usr/bin/cc    -o CMakeFiles/cmTryCompileExec2476030278.dir/CheckIncludeFiles.c.o   -c /cluster/2020shachem/CSL/CMakeFiles/CMakeTmp/CheckIncludeFiles.c
Linking C executable cmTryCompileExec2476030278
/usr/bin/cmake -E cmake_link_script CMakeFiles/cmTryCompileExec2476030278.dir/link.txt --verbose=1
/usr/bin/cc       CMakeFiles/cmTryCompileExec2476030278.dir/CheckIncludeFiles.c.o  -o cmTryCompileExec2476030278 -rdynamic 
gmake[1]: Leaving directory `/cluster/2020shachem/CSL/CMakeFiles/CMakeTmp'


Determining if the include file istream exists passed with the following output:
Change Dir: /cluster/2020shachem/CSL/CMakeFiles/CMakeTmp

Run Build Command:/usr/bin/gmake "cmTryCompileExec3223374785/fast"
/usr/bin/gmake -f CMakeFiles/cmTryCompileExec3223374785.dir/build.make CMakeFiles/cmTryCompileExec3223374785.dir/build
gmake[1]: Entering directory `/cluster/2020shachem/CSL/CMakeFiles/CMakeTmp'
/usr/bin/cmake -E cmake_progress_report /cluster/2020shachem/CSL/CMakeFiles/CMakeTmp/CMakeFiles 1
Building CXX object CMakeFiles/cmTryCompileExec3223374785.dir/CheckIncludeFile.cxx.o
/usr/bin/c++     -o CMakeFiles/cmTryCompileExec3223374785.dir/CheckIncludeFile.cxx.o -c /cluster/2020shachem/CSL/CMakeFiles/CMakeTmp/CheckIncludeFile.cxx
Linking CXX executable cmTryCompileExec3223374785
/usr/bin/cmake -E cmake_link_script CMakeFiles/cmTryCompileExec3223374785.dir/link.txt --verbose=1
/usr/bin/c++        CMakeFiles/cmTryCompileExec3223374785.dir/CheckIncludeFile.cxx.o  -o cmTryCompileExec3223374785 -rdynamic 
gmake[1]: Leaving directory `/cluster/2020shachem/CSL/CMakeFiles/CMakeTmp'


Determining if the include file ostream exists passed with the following output:
Change Dir: /cluster/2020shachem/CSL/CMakeFiles/CMakeTmp

Run Build Command:/usr/bin/gmake "cmTryCompileExec2086611202/fast"
/usr/bin/gmake -f CMakeFiles/cmTryCompileExec2086611202.dir/build.make CMakeFiles/cmTryCompileExec2086611202.dir/build
gmake[1]: Entering directory `/cluster/2020shachem/CSL/CMakeFiles/CMakeTmp'
/usr/bin/cmake -E cmake_progress_report /cluster/2020shachem/CSL/CMakeFiles/CMakeTmp/CMakeFiles 1
Building CXX object CMakeFiles/cmTryCompileExec2086611202.dir/CheckIncludeFile.cxx.o
/usr/bin/c++     -o CMakeFiles/cmTryCompileExec2086611202.dir/CheckIncludeFile.cxx.o -c /cluster/2020shachem/CSL/CMakeFiles/CMakeTmp/CheckIncludeFile.cxx
Linking CXX executable cmTryCompileExec2086611202
/usr/bin/cmake -E cmake_link_script CMakeFiles/cmTryCompileExec2086611202.dir/link.txt --verbose=1
/usr/bin/c++        CMakeFiles/cmTryCompileExec2086611202.dir/CheckIncludeFile.cxx.o  -o cmTryCompileExec2086611202 -rdynamic 
gmake[1]: Leaving directory `/cluster/2020shachem/CSL/CMakeFiles/CMakeTmp'


Determining if the include file sstream exists passed with the following output:
Change Dir: /cluster/2020shachem/CSL/CMakeFiles/CMakeTmp

Run Build Command:/usr/bin/gmake "cmTryCompileExec779807764/fast"
/usr/bin/gmake -f CMakeFiles/cmTryCompileExec779807764.dir/build.make CMakeFiles/cmTryCompileExec779807764.dir/build
gmake[1]: Entering directory `/cluster/2020shachem/CSL/CMakeFiles/CMakeTmp'
/usr/bin/cmake -E cmake_progress_report /cluster/2020shachem/CSL/CMakeFiles/CMakeTmp/CMakeFiles 1
Building CXX object CMakeFiles/cmTryCompileExec779807764.dir/CheckIncludeFile.cxx.o
/usr/bin/c++     -o CMakeFiles/cmTryCompileExec779807764.dir/CheckIncludeFile.cxx.o -c /cluster/2020shachem/CSL/CMakeFiles/CMakeTmp/CheckIncludeFile.cxx
Linking CXX executable cmTryCompileExec779807764
/usr/bin/cmake -E cmake_link_script CMakeFiles/cmTryCompileExec779807764.dir/link.txt --verbose=1
/usr/bin/c++        CMakeFiles/cmTryCompileExec779807764.dir/CheckIncludeFile.cxx.o  -o cmTryCompileExec779807764 -rdynamic 
gmake[1]: Leaving directory `/cluster/2020shachem/CSL/CMakeFiles/CMakeTmp'


Determining if the include file stddef.h exists passed with the following output:
Change Dir: /cluster/2020shachem/CSL/CMakeFiles/CMakeTmp

Run Build Command:/usr/bin/gmake "cmTryCompileExec726725881/fast"
/usr/bin/gmake -f CMakeFiles/cmTryCompileExec726725881.dir/build.make CMakeFiles/cmTryCompileExec726725881.dir/build
gmake[1]: Entering directory `/cluster/2020shachem/CSL/CMakeFiles/CMakeTmp'
/usr/bin/cmake -E cmake_progress_report /cluster/2020shachem/CSL/CMakeFiles/CMakeTmp/CMakeFiles 1
Building C object CMakeFiles/cmTryCompileExec726725881.dir/CheckIncludeFile.c.o
/usr/bin/cc    -o CMakeFiles/cmTryCompileExec726725881.dir/CheckIncludeFile.c.o   -c /cluster/2020shachem/CSL/CMakeFiles/CMakeTmp/CheckIncludeFile.c
Linking C executable cmTryCompileExec726725881
/usr/bin/cmake -E cmake_link_script CMakeFiles/cmTryCompileExec726725881.dir/link.txt --verbose=1
/usr/bin/cc       CMakeFiles/cmTryCompileExec726725881.dir/CheckIncludeFile.c.o  -o cmTryCompileExec726725881 -rdynamic 
gmake[1]: Leaving directory `/cluster/2020shachem/CSL/CMakeFiles/CMakeTmp'


Determining size of long long passed with the following output:
Change Dir: /cluster/2020shachem/CSL/CMakeFiles/CMakeTmp

Run Build Command:/usr/bin/gmake "cmTryCompileExec3941735503/fast"
/usr/bin/gmake -f CMakeFiles/cmTryCompileExec3941735503.dir/build.make CMakeFiles/cmTryCompileExec3941735503.dir/build
gmake[1]: Entering directory `/cluster/2020shachem/CSL/CMakeFiles/CMakeTmp'
/usr/bin/cmake -E cmake_progress_report /cluster/2020shachem/CSL/CMakeFiles/CMakeTmp/CMakeFiles 1
Building C object CMakeFiles/cmTryCompileExec3941735503.dir/LONG_LONG_SIZE.c.o
/usr/bin/cc    -o CMakeFiles/cmTryCompileExec3941735503.dir/LONG_LONG_SIZE.c.o   -c /cluster/2020shachem/CSL/CMakeFiles/CheckTypeSize/LONG_LONG_SIZE.c
Linking C executable cmTryCompileExec3941735503
/usr/bin/cmake -E cmake_link_script CMakeFiles/cmTryCompileExec3941735503.dir/link.txt --verbose=1
/usr/bin/cc       CMakeFiles/cmTryCompileExec3941735503.dir/LONG_LONG_SIZE.c.o  -o cmTryCompileExec3941735503 -rdynamic 
gmake[1]: Leaving directory `/cluster/2020shachem/CSL/CMakeFiles/CMakeTmp'


Determining size of uint16_t passed with the following output:
Change Dir: /cluster/2020shachem/CSL/CMakeFiles/CMakeTmp

Run Build Command:/usr/bin/gmake "cmTryCompileExec2020277155/fast"
/usr/bin/gmake -f CMakeFiles/cmTryCompileExec2020277155.dir/build.make CMakeFiles/cmTryCompileExec2020277155.dir/build
gmake[1]: Entering directory `/cluster/2020shachem/CSL/CMakeFiles/CMakeTmp'
/usr/bin/cmake -E cmake_progress_report /cluster/2020shachem/CSL/CMakeFiles/CMakeTmp/CMakeFiles 1
Building C object CMakeFiles/cmTryCompileExec2020277155.dir/UINT16_T_SIZE.c.o
/usr/bin/cc    -o CMakeFiles/cmTryCompileExec2020277155.dir/UINT16_T_SIZE.c.o   -c /cluster/2020shachem/CSL/CMakeFiles/CheckTypeSize/UINT16_T_SIZE.c
Linking C executable cmTryCompileExec2020277155
/usr/bin/cmake -E cmake_link_script CMakeFiles/cmTryCompileExec2020277155.dir/link.txt --verbose=1
/usr/bin/cc       CMakeFiles/cmTryCompileExec2020277155.dir/UINT16_T_SIZE.c.o  -o cmTryCompileExec2020277155 -rdynamic 
gmake[1]: Leaving directory `/cluster/2020shachem/CSL/CMakeFiles/CMakeTmp'


Determining if the NAN exist passed with the following output:
Change Dir: /cluster/2020shachem/CSL/CMakeFiles/CMakeTmp

Run Build Command:/usr/bin/gmake "cmTryCompileExec1740726794/fast"
/usr/bin/gmake -f CMakeFiles/cmTryCompileExec1740726794.dir/build.make CMakeFiles/cmTryCompileExec1740726794.dir/build
gmake[1]: Entering directory `/cluster/2020shachem/CSL/CMakeFiles/CMakeTmp'
/usr/bin/cmake -E cmake_progress_report /cluster/2020shachem/CSL/CMakeFiles/CMakeTmp/CMakeFiles 1
Building C object CMakeFiles/cmTryCompileExec1740726794.dir/CheckSymbolExists.c.o
/usr/bin/cc    -o CMakeFiles/cmTryCompileExec1740726794.dir/CheckSymbolExists.c.o   -c /cluster/2020shachem/CSL/CMakeFiles/CMakeTmp/CheckSymbolExists.c
Linking C executable cmTryCompileExec1740726794
/usr/bin/cmake -E cmake_link_script CMakeFiles/cmTryCompileExec1740726794.dir/link.txt --verbose=1
/usr/bin/cc       CMakeFiles/cmTryCompileExec1740726794.dir/CheckSymbolExists.c.o  -o cmTryCompileExec1740726794 -rdynamic 
gmake[1]: Leaving directory `/cluster/2020shachem/CSL/CMakeFiles/CMakeTmp'

File /cluster/2020shachem/CSL/CMakeFiles/CMakeTmp/CheckSymbolExists.c:
/* */
#include <math.h>

int main(int argc, char** argv)
{
  (void)argv;
#ifndef NAN
  return ((int*)(&NAN))[argc];
#else
  (void)argc;
  return 0;
#endif
}

Determining if the isnan exist passed with the following output:
Change Dir: /cluster/2020shachem/CSL/CMakeFiles/CMakeTmp

Run Build Command:/usr/bin/gmake "cmTryCompileExec2080485343/fast"
/usr/bin/gmake -f CMakeFiles/cmTryCompileExec2080485343.dir/build.make CMakeFiles/cmTryCompileExec2080485343.dir/build
gmake[1]: Entering directory `/cluster/2020shachem/CSL/CMakeFiles/CMakeTmp'
/usr/bin/cmake -E cmake_progress_report /cluster/2020shachem/CSL/CMakeFiles/CMakeTmp/CMakeFiles 1
Building C object CMakeFiles/cmTryCompileExec2080485343.dir/CheckSymbolExists.c.o
/usr/bin/cc    -o CMakeFiles/cmTryCompileExec2080485343.dir/CheckSymbolExists.c.o   -c /cluster/2020shachem/CSL/CMakeFiles/CMakeTmp/CheckSymbolExists.c
Linking C executable cmTryCompileExec2080485343
/usr/bin/cmake -E cmake_link_script CMakeFiles/cmTryCompileExec2080485343.dir/link.txt --verbose=1
/usr/bin/cc       CMakeFiles/cmTryCompileExec2080485343.dir/CheckSymbolExists.c.o  -o cmTryCompileExec2080485343 -rdynamic 
gmake[1]: Leaving directory `/cluster/2020shachem/CSL/CMakeFiles/CMakeTmp'

File /cluster/2020shachem/CSL/CMakeFiles/CMakeTmp/CheckSymbolExists.c:
/* */
#include <math.h>

int main(int argc, char** argv)
{
  (void)argv;
#ifndef isnan
  return ((int*)(&isnan))[argc];
#else
  (void)argc;
  return 0;
#endif
}

Determining if the M_E exist passed with the following output:
Change Dir: /cluster/2020shachem/CSL/CMakeFiles/CMakeTmp

Run Build Command:/usr/bin/gmake "cmTryCompileExec560148301/fast"
/usr/bin/gmake -f CMakeFiles/cmTryCompileExec560148301.dir/build.make CMakeFiles/cmTryCompileExec560148301.dir/build
gmake[1]: Entering directory `/cluster/2020shachem/CSL/CMakeFiles/CMakeTmp'
/usr/bin/cmake -E cmake_progress_report /cluster/2020shachem/CSL/CMakeFiles/CMakeTmp/CMakeFiles 1
Building CXX object CMakeFiles/cmTryCompileExec560148301.dir/CheckSymbolExists.cxx.o
/usr/bin/c++     -o CMakeFiles/cmTryCompileExec560148301.dir/CheckSymbolExists.cxx.o -c /cluster/2020shachem/CSL/CMakeFiles/CMakeTmp/CheckSymbolExists.cxx
Linking CXX executable cmTryCompileExec560148301
/usr/bin/cmake -E cmake_link_script CMakeFiles/cmTryCompileExec560148301.dir/link.txt --verbose=1
/usr/bin/c++        CMakeFiles/cmTryCompileExec560148301.dir/CheckSymbolExists.cxx.o  -o cmTryCompileExec560148301 -rdynamic 
gmake[1]: Leaving directory `/cluster/2020shachem/CSL/CMakeFiles/CMakeTmp'

File /cluster/2020shachem/CSL/CMakeFiles/CMakeTmp/CheckSymbolExists.cxx:
/* */
#include <cmath>

int main(int argc, char** argv)
{
  (void)argv;
#ifndef M_E
  return ((int*)(&M_E))[argc];
#else
  (void)argc;
  return 0;
#endif
}

Determining if the M_PI exist passed with the following output:
Change Dir: /cluster/2020shachem/CSL/CMakeFiles/CMakeTmp

Run Build Command:/usr/bin/gmake "cmTryCompileExec612452656/fast"
/usr/bin/gmake -f CMakeFiles/cmTryCompileExec612452656.dir/build.make CMakeFiles/cmTryCompileExec612452656.dir/build
gmake[1]: Entering directory `/cluster/2020shachem/CSL/CMakeFiles/CMakeTmp'
/usr/bin/cmake -E cmake_progress_report /cluster/2020shachem/CSL/CMakeFiles/CMakeTmp/CMakeFiles 1
Building CXX object CMakeFiles/cmTryCompileExec612452656.dir/CheckSymbolExists.cxx.o
/usr/bin/c++     -o CMakeFiles/cmTryCompileExec612452656.dir/CheckSymbolExists.cxx.o -c /cluster/2020shachem/CSL/CMakeFiles/CMakeTmp/CheckSymbolExists.cxx
Linking CXX executable cmTryCompileExec612452656
/usr/bin/cmake -E cmake_link_script CMakeFiles/cmTryCompileExec612452656.dir/link.txt --verbose=1
/usr/bin/c++        CMakeFiles/cmTryCompileExec612452656.dir/CheckSymbolExists.cxx.o  -o cmTryCompileExec612452656 -rdynamic 
gmake[1]: Leaving directory `/cluster/2020shachem/CSL/CMakeFiles/CMakeTmp'

File /cluster/2020shachem/CSL/CMakeFiles/CMakeTmp/CheckSymbolExists.cxx:
/* */
#include <cmath>

int main(int argc, char** argv)
{
  (void)argv;
#ifndef M_PI
  return ((int*)(&M_PI))[argc];
#else
  (void)argc;
  return 0;
#endif
}

Performing C SOURCE FILE Test OpenMP_FLAG_DETECTED succeded with the following output:
Change Dir: /cluster/2020shachem/CSL/CMakeFiles/CMakeTmp

Run Build Command:/usr/bin/gmake "cmTryCompileExec4178473388/fast"
/usr/bin/gmake -f CMakeFiles/cmTryCompileExec4178473388.dir/build.make CMakeFiles/cmTryCompileExec4178473388.dir/build
gmake[1]: Entering directory `/cluster/2020shachem/CSL/CMakeFiles/CMakeTmp'
/usr/bin/cmake -E cmake_progress_report /cluster/2020shachem/CSL/CMakeFiles/CMakeTmp/CMakeFiles 1
Building C object CMakeFiles/cmTryCompileExec4178473388.dir/src.c.o
/usr/bin/cc   -O2 -Wall -DOpenMP_FLAG_DETECTED -fopenmp   -o CMakeFiles/cmTryCompileExec4178473388.dir/src.c.o   -c /cluster/2020shachem/CSL/CMakeFiles/CMakeTmp/src.c
Linking C executable cmTryCompileExec4178473388
/usr/bin/cmake -E cmake_link_script CMakeFiles/cmTryCompileExec4178473388.dir/link.txt --verbose=1
/usr/bin/cc   -O2 -Wall -DOpenMP_FLAG_DETECTED -fopenmp    CMakeFiles/cmTryCompileExec4178473388.dir/src.c.o  -o cmTryCompileExec4178473388 -rdynamic 
gmake[1]: Leaving directory `/cluster/2020shachem/CSL/CMakeFiles/CMakeTmp'

Source file was:

#include <omp.h>
int main() {
#ifdef _OPENMP
  return 0;
#else
  breaks_on_purpose
#endif
}

Performing C++ SOURCE FILE Test OpenMP_FLAG_DETECTED succeded with the following output:
Change Dir: /cluster/2020shachem/CSL/CMakeFiles/CMakeTmp

Run Build Command:/usr/bin/gmake "cmTryCompileExec2536550421/fast"
/usr/bin/gmake -f CMakeFiles/cmTryCompileExec2536550421.dir/build.make CMakeFiles/cmTryCompileExec2536550421.dir/build
gmake[1]: Entering directory `/cluster/2020shachem/CSL/CMakeFiles/CMakeTmp'
/usr/bin/cmake -E cmake_progress_report /cluster/2020shachem/CSL/CMakeFiles/CMakeTmp/CMakeFiles 1
Building CXX object CMakeFiles/cmTryCompileExec2536550421.dir/src.cxx.o
/usr/bin/c++    -O2 -Wall -DOpenMP_FLAG_DETECTED -fopenmp   -o CMakeFiles/cmTryCompileExec2536550421.dir/src.cxx.o -c /cluster/2020shachem/CSL/CMakeFiles/CMakeTmp/src.cxx
Linking CXX executable cmTryCompileExec2536550421
/usr/bin/cmake -E cmake_link_script CMakeFiles/cmTryCompileExec2536550421.dir/link.txt --verbose=1
/usr/bin/c++    -O2 -Wall -DOpenMP_FLAG_DETECTED -fopenmp    CMakeFiles/cmTryCompileExec2536550421.dir/src.cxx.o  -o cmTryCompileExec2536550421 -rdynamic 
gmake[1]: Leaving directory `/cluster/2020shachem/CSL/CMakeFiles/CMakeTmp'

Source file was:

#include <omp.h>
int main() {
#ifdef _OPENMP
  return 0;
#else
  breaks_on_purpose
#endif
}

