The system is: Linux - 3.10.0-327.13.1.el7.x86_64 - x86_64
Compiling the CXX compiler identification source file "CMakeCXXCompilerId.cpp" succeeded.
Compiler: /usr/bin/c++ 
Build flags: 
Id flags: 

The output was:
0


Compilation of the CXX compiler identification source "CMakeCXXCompilerId.cpp" produced "a.out"

The CXX compiler identification is GNU, found in "/cluster/2020shachem/CSL/nestCompile7/CMakeFiles/2.8.12.2/CompilerIdCXX/a.out"

Compiling the C compiler identification source file "CMakeCCompilerId.c" succeeded.
Compiler: /usr/bin/cc 
Build flags: 
Id flags: 

The output was:
0


Compilation of the C compiler identification source "CMakeCCompilerId.c" produced "a.out"

The C compiler identification is GNU, found in "/cluster/2020shachem/CSL/nestCompile7/CMakeFiles/2.8.12.2/CompilerIdC/a.out"

Determining if the CXX compiler works passed with the following output:
Change Dir: /cluster/2020shachem/CSL/nestCompile7/CMakeFiles/CMakeTmp

Run Build Command:/usr/bin/gmake "cmTryCompileExec1876272505/fast"
/usr/bin/gmake -f CMakeFiles/cmTryCompileExec1876272505.dir/build.make CMakeFiles/cmTryCompileExec1876272505.dir/build
gmake[1]: Entering directory `/cluster/2020shachem/CSL/nestCompile7/CMakeFiles/CMakeTmp'
/usr/bin/cmake -E cmake_progress_report /cluster/2020shachem/CSL/nestCompile7/CMakeFiles/CMakeTmp/CMakeFiles 1
Building CXX object CMakeFiles/cmTryCompileExec1876272505.dir/testCXXCompiler.cxx.o
/usr/bin/c++     -o CMakeFiles/cmTryCompileExec1876272505.dir/testCXXCompiler.cxx.o -c /cluster/2020shachem/CSL/nestCompile7/CMakeFiles/CMakeTmp/testCXXCompiler.cxx
Linking CXX executable cmTryCompileExec1876272505
/usr/bin/cmake -E cmake_link_script CMakeFiles/cmTryCompileExec1876272505.dir/link.txt --verbose=1
/usr/bin/c++        CMakeFiles/cmTryCompileExec1876272505.dir/testCXXCompiler.cxx.o  -o cmTryCompileExec1876272505 -rdynamic 
gmake[1]: Leaving directory `/cluster/2020shachem/CSL/nestCompile7/CMakeFiles/CMakeTmp'


Detecting CXX compiler ABI info compiled with the following output:
Change Dir: /cluster/2020shachem/CSL/nestCompile7/CMakeFiles/CMakeTmp

Run Build Command:/usr/bin/gmake "cmTryCompileExec2299257502/fast"
/usr/bin/gmake -f CMakeFiles/cmTryCompileExec2299257502.dir/build.make CMakeFiles/cmTryCompileExec2299257502.dir/build
gmake[1]: Entering directory `/cluster/2020shachem/CSL/nestCompile7/CMakeFiles/CMakeTmp'
/usr/bin/cmake -E cmake_progress_report /cluster/2020shachem/CSL/nestCompile7/CMakeFiles/CMakeTmp/CMakeFiles 1
Building CXX object CMakeFiles/cmTryCompileExec2299257502.dir/CMakeCXXCompilerABI.cpp.o
/usr/bin/c++     -o CMakeFiles/cmTryCompileExec2299257502.dir/CMakeCXXCompilerABI.cpp.o -c /usr/share/cmake/Modules/CMakeCXXCompilerABI.cpp
Linking CXX executable cmTryCompileExec2299257502
/usr/bin/cmake -E cmake_link_script CMakeFiles/cmTryCompileExec2299257502.dir/link.txt --verbose=1
/usr/bin/c++      -v CMakeFiles/cmTryCompileExec2299257502.dir/CMakeCXXCompilerABI.cpp.o  -o cmTryCompileExec2299257502 -rdynamic  
Using built-in specs.
COLLECT_GCC=/usr/bin/c++
COLLECT_LTO_WRAPPER=/usr/libexec/gcc/x86_64-redhat-linux/4.8.5/lto-wrapper
Target: x86_64-redhat-linux
Configured with: ../configure --prefix=/usr --mandir=/usr/share/man --infodir=/usr/share/info --with-bugurl=http://bugzilla.redhat.com/bugzilla --enable-bootstrap --enable-shared --enable-threads=posix --enable-checking=release --with-system-zlib --enable-__cxa_atexit --disable-libunwind-exceptions --enable-gnu-unique-object --enable-linker-build-id --with-linker-hash-style=gnu --enable-languages=c,c++,objc,obj-c++,java,fortran,ada,go,lto --enable-plugin --enable-initfini-array --disable-libgcj --with-isl=/builddir/build/BUILD/gcc-4.8.5-20150702/obj-x86_64-redhat-linux/isl-install --with-cloog=/builddir/build/BUILD/gcc-4.8.5-20150702/obj-x86_64-redhat-linux/cloog-install --enable-gnu-indirect-function --with-tune=generic --with-arch_32=x86-64 --build=x86_64-redhat-linux
Thread model: posix
gcc version 4.8.5 20150623 (Red Hat 4.8.5-28) (GCC) 
COMPILER_PATH=/usr/libexec/gcc/x86_64-redhat-linux/4.8.5/:/usr/libexec/gcc/x86_64-redhat-linux/4.8.5/:/usr/libexec/gcc/x86_64-redhat-linux/:/usr/lib/gcc/x86_64-redhat-linux/4.8.5/:/usr/lib/gcc/x86_64-redhat-linux/
LIBRARY_PATH=/usr/lib/gcc/x86_64-redhat-linux/4.8.5/:/usr/lib/gcc/x86_64-redhat-linux/4.8.5/../../../../lib64/:/lib/../lib64/:/usr/lib/../lib64/:/usr/lib/gcc/x86_64-redhat-linux/4.8.5/../../../:/lib/:/usr/lib/
COLLECT_GCC_OPTIONS='-v' '-o' 'cmTryCompileExec2299257502' '-rdynamic' '-shared-libgcc' '-mtune=generic' '-march=x86-64'
 /usr/libexec/gcc/x86_64-redhat-linux/4.8.5/collect2 --build-id --no-add-needed --eh-frame-hdr --hash-style=gnu -m elf_x86_64 -export-dynamic -dynamic-linker /lib64/ld-linux-x86-64.so.2 -o cmTryCompileExec2299257502 /usr/lib/gcc/x86_64-redhat-linux/4.8.5/../../../../lib64/crt1.o /usr/lib/gcc/x86_64-redhat-linux/4.8.5/../../../../lib64/crti.o /usr/lib/gcc/x86_64-redhat-linux/4.8.5/crtbegin.o -L/usr/lib/gcc/x86_64-redhat-linux/4.8.5 -L/usr/lib/gcc/x86_64-redhat-linux/4.8.5/../../../../lib64 -L/lib/../lib64 -L/usr/lib/../lib64 -L/usr/lib/gcc/x86_64-redhat-linux/4.8.5/../../.. CMakeFiles/cmTryCompileExec2299257502.dir/CMakeCXXCompilerABI.cpp.o -lstdc++ -lm -lgcc_s -lgcc -lc -lgcc_s -lgcc /usr/lib/gcc/x86_64-redhat-linux/4.8.5/crtend.o /usr/lib/gcc/x86_64-redhat-linux/4.8.5/../../../../lib64/crtn.o
gmake[1]: Leaving directory `/cluster/2020shachem/CSL/nestCompile7/CMakeFiles/CMakeTmp'


Parsed CXX implicit link information from above output:
  link line regex: [^( *|.*[/\])(ld|([^/\]+-)?ld|collect2)[^/\]*( |$)]
  ignore line: [Change Dir: /cluster/2020shachem/CSL/nestCompile7/CMakeFiles/CMakeTmp]
  ignore line: []
  ignore line: [Run Build Command:/usr/bin/gmake "cmTryCompileExec2299257502/fast"]
  ignore line: [/usr/bin/gmake -f CMakeFiles/cmTryCompileExec2299257502.dir/build.make CMakeFiles/cmTryCompileExec2299257502.dir/build]
  ignore line: [gmake[1]: Entering directory `/cluster/2020shachem/CSL/nestCompile7/CMakeFiles/CMakeTmp']
  ignore line: [/usr/bin/cmake -E cmake_progress_report /cluster/2020shachem/CSL/nestCompile7/CMakeFiles/CMakeTmp/CMakeFiles 1]
  ignore line: [Building CXX object CMakeFiles/cmTryCompileExec2299257502.dir/CMakeCXXCompilerABI.cpp.o]
  ignore line: [/usr/bin/c++     -o CMakeFiles/cmTryCompileExec2299257502.dir/CMakeCXXCompilerABI.cpp.o -c /usr/share/cmake/Modules/CMakeCXXCompilerABI.cpp]
  ignore line: [Linking CXX executable cmTryCompileExec2299257502]
  ignore line: [/usr/bin/cmake -E cmake_link_script CMakeFiles/cmTryCompileExec2299257502.dir/link.txt --verbose=1]
  ignore line: [/usr/bin/c++      -v CMakeFiles/cmTryCompileExec2299257502.dir/CMakeCXXCompilerABI.cpp.o  -o cmTryCompileExec2299257502 -rdynamic  ]
  ignore line: [Using built-in specs.]
  ignore line: [COLLECT_GCC=/usr/bin/c++]
  ignore line: [COLLECT_LTO_WRAPPER=/usr/libexec/gcc/x86_64-redhat-linux/4.8.5/lto-wrapper]
  ignore line: [Target: x86_64-redhat-linux]
  ignore line: [Configured with: ../configure --prefix=/usr --mandir=/usr/share/man --infodir=/usr/share/info --with-bugurl=http://bugzilla.redhat.com/bugzilla --enable-bootstrap --enable-shared --enable-threads=posix --enable-checking=release --with-system-zlib --enable-__cxa_atexit --disable-libunwind-exceptions --enable-gnu-unique-object --enable-linker-build-id --with-linker-hash-style=gnu --enable-languages=c,c++,objc,obj-c++,java,fortran,ada,go,lto --enable-plugin --enable-initfini-array --disable-libgcj --with-isl=/builddir/build/BUILD/gcc-4.8.5-20150702/obj-x86_64-redhat-linux/isl-install --with-cloog=/builddir/build/BUILD/gcc-4.8.5-20150702/obj-x86_64-redhat-linux/cloog-install --enable-gnu-indirect-function --with-tune=generic --with-arch_32=x86-64 --build=x86_64-redhat-linux]
  ignore line: [Thread model: posix]
  ignore line: [gcc version 4.8.5 20150623 (Red Hat 4.8.5-28) (GCC) ]
  ignore line: [COMPILER_PATH=/usr/libexec/gcc/x86_64-redhat-linux/4.8.5/:/usr/libexec/gcc/x86_64-redhat-linux/4.8.5/:/usr/libexec/gcc/x86_64-redhat-linux/:/usr/lib/gcc/x86_64-redhat-linux/4.8.5/:/usr/lib/gcc/x86_64-redhat-linux/]
  ignore line: [LIBRARY_PATH=/usr/lib/gcc/x86_64-redhat-linux/4.8.5/:/usr/lib/gcc/x86_64-redhat-linux/4.8.5/../../../../lib64/:/lib/../lib64/:/usr/lib/../lib64/:/usr/lib/gcc/x86_64-redhat-linux/4.8.5/../../../:/lib/:/usr/lib/]
  ignore line: [COLLECT_GCC_OPTIONS='-v' '-o' 'cmTryCompileExec2299257502' '-rdynamic' '-shared-libgcc' '-mtune=generic' '-march=x86-64']
  link line: [ /usr/libexec/gcc/x86_64-redhat-linux/4.8.5/collect2 --build-id --no-add-needed --eh-frame-hdr --hash-style=gnu -m elf_x86_64 -export-dynamic -dynamic-linker /lib64/ld-linux-x86-64.so.2 -o cmTryCompileExec2299257502 /usr/lib/gcc/x86_64-redhat-linux/4.8.5/../../../../lib64/crt1.o /usr/lib/gcc/x86_64-redhat-linux/4.8.5/../../../../lib64/crti.o /usr/lib/gcc/x86_64-redhat-linux/4.8.5/crtbegin.o -L/usr/lib/gcc/x86_64-redhat-linux/4.8.5 -L/usr/lib/gcc/x86_64-redhat-linux/4.8.5/../../../../lib64 -L/lib/../lib64 -L/usr/lib/../lib64 -L/usr/lib/gcc/x86_64-redhat-linux/4.8.5/../../.. CMakeFiles/cmTryCompileExec2299257502.dir/CMakeCXXCompilerABI.cpp.o -lstdc++ -lm -lgcc_s -lgcc -lc -lgcc_s -lgcc /usr/lib/gcc/x86_64-redhat-linux/4.8.5/crtend.o /usr/lib/gcc/x86_64-redhat-linux/4.8.5/../../../../lib64/crtn.o]
    arg [/usr/libexec/gcc/x86_64-redhat-linux/4.8.5/collect2] ==> ignore
    arg [--build-id] ==> ignore
    arg [--no-add-needed] ==> ignore
    arg [--eh-frame-hdr] ==> ignore
    arg [--hash-style=gnu] ==> ignore
    arg [-m] ==> ignore
    arg [elf_x86_64] ==> ignore
    arg [-export-dynamic] ==> ignore
    arg [-dynamic-linker] ==> ignore
    arg [/lib64/ld-linux-x86-64.so.2] ==> ignore
    arg [-o] ==> ignore
    arg [cmTryCompileExec2299257502] ==> ignore
    arg [/usr/lib/gcc/x86_64-redhat-linux/4.8.5/../../../../lib64/crt1.o] ==> ignore
    arg [/usr/lib/gcc/x86_64-redhat-linux/4.8.5/../../../../lib64/crti.o] ==> ignore
    arg [/usr/lib/gcc/x86_64-redhat-linux/4.8.5/crtbegin.o] ==> ignore
    arg [-L/usr/lib/gcc/x86_64-redhat-linux/4.8.5] ==> dir [/usr/lib/gcc/x86_64-redhat-linux/4.8.5]
    arg [-L/usr/lib/gcc/x86_64-redhat-linux/4.8.5/../../../../lib64] ==> dir [/usr/lib/gcc/x86_64-redhat-linux/4.8.5/../../../../lib64]
    arg [-L/lib/../lib64] ==> dir [/lib/../lib64]
    arg [-L/usr/lib/../lib64] ==> dir [/usr/lib/../lib64]
    arg [-L/usr/lib/gcc/x86_64-redhat-linux/4.8.5/../../..] ==> dir [/usr/lib/gcc/x86_64-redhat-linux/4.8.5/../../..]
    arg [CMakeFiles/cmTryCompileExec2299257502.dir/CMakeCXXCompilerABI.cpp.o] ==> ignore
    arg [-lstdc++] ==> lib [stdc++]
    arg [-lm] ==> lib [m]
    arg [-lgcc_s] ==> lib [gcc_s]
    arg [-lgcc] ==> lib [gcc]
    arg [-lc] ==> lib [c]
    arg [-lgcc_s] ==> lib [gcc_s]
    arg [-lgcc] ==> lib [gcc]
    arg [/usr/lib/gcc/x86_64-redhat-linux/4.8.5/crtend.o] ==> ignore
    arg [/usr/lib/gcc/x86_64-redhat-linux/4.8.5/../../../../lib64/crtn.o] ==> ignore
  remove lib [gcc_s]
  remove lib [gcc]
  remove lib [gcc_s]
  remove lib [gcc]
  collapse library dir [/usr/lib/gcc/x86_64-redhat-linux/4.8.5] ==> [/usr/lib/gcc/x86_64-redhat-linux/4.8.5]
  collapse library dir [/usr/lib/gcc/x86_64-redhat-linux/4.8.5/../../../../lib64] ==> [/usr/lib64]
  collapse library dir [/lib/../lib64] ==> [/lib64]
  collapse library dir [/usr/lib/../lib64] ==> [/usr/lib64]
  collapse library dir [/usr/lib/gcc/x86_64-redhat-linux/4.8.5/../../..] ==> [/usr/lib]
  implicit libs: [stdc++;m;c]
  implicit dirs: [/usr/lib/gcc/x86_64-redhat-linux/4.8.5;/usr/lib64;/lib64;/usr/lib]
  implicit fwks: []


Determining if the C compiler works passed with the following output:
Change Dir: /cluster/2020shachem/CSL/nestCompile7/CMakeFiles/CMakeTmp

Run Build Command:/usr/bin/gmake "cmTryCompileExec3431651480/fast"
/usr/bin/gmake -f CMakeFiles/cmTryCompileExec3431651480.dir/build.make CMakeFiles/cmTryCompileExec3431651480.dir/build
gmake[1]: Entering directory `/cluster/2020shachem/CSL/nestCompile7/CMakeFiles/CMakeTmp'
/usr/bin/cmake -E cmake_progress_report /cluster/2020shachem/CSL/nestCompile7/CMakeFiles/CMakeTmp/CMakeFiles 1
Building C object CMakeFiles/cmTryCompileExec3431651480.dir/testCCompiler.c.o
/usr/bin/cc    -o CMakeFiles/cmTryCompileExec3431651480.dir/testCCompiler.c.o   -c /cluster/2020shachem/CSL/nestCompile7/CMakeFiles/CMakeTmp/testCCompiler.c
Linking C executable cmTryCompileExec3431651480
/usr/bin/cmake -E cmake_link_script CMakeFiles/cmTryCompileExec3431651480.dir/link.txt --verbose=1
/usr/bin/cc       CMakeFiles/cmTryCompileExec3431651480.dir/testCCompiler.c.o  -o cmTryCompileExec3431651480 -rdynamic 
gmake[1]: Leaving directory `/cluster/2020shachem/CSL/nestCompile7/CMakeFiles/CMakeTmp'


Detecting C compiler ABI info compiled with the following output:
Change Dir: /cluster/2020shachem/CSL/nestCompile7/CMakeFiles/CMakeTmp

Run Build Command:/usr/bin/gmake "cmTryCompileExec3534135419/fast"
/usr/bin/gmake -f CMakeFiles/cmTryCompileExec3534135419.dir/build.make CMakeFiles/cmTryCompileExec3534135419.dir/build
gmake[1]: Entering directory `/cluster/2020shachem/CSL/nestCompile7/CMakeFiles/CMakeTmp'
/usr/bin/cmake -E cmake_progress_report /cluster/2020shachem/CSL/nestCompile7/CMakeFiles/CMakeTmp/CMakeFiles 1
Building C object CMakeFiles/cmTryCompileExec3534135419.dir/CMakeCCompilerABI.c.o
/usr/bin/cc    -o CMakeFiles/cmTryCompileExec3534135419.dir/CMakeCCompilerABI.c.o   -c /usr/share/cmake/Modules/CMakeCCompilerABI.c
Linking C executable cmTryCompileExec3534135419
/usr/bin/cmake -E cmake_link_script CMakeFiles/cmTryCompileExec3534135419.dir/link.txt --verbose=1
/usr/bin/cc     -v CMakeFiles/cmTryCompileExec3534135419.dir/CMakeCCompilerABI.c.o  -o cmTryCompileExec3534135419 -rdynamic  
Using built-in specs.
COLLECT_GCC=/usr/bin/cc
COLLECT_LTO_WRAPPER=/usr/libexec/gcc/x86_64-redhat-linux/4.8.5/lto-wrapper
Target: x86_64-redhat-linux
Configured with: ../configure --prefix=/usr --mandir=/usr/share/man --infodir=/usr/share/info --with-bugurl=http://bugzilla.redhat.com/bugzilla --enable-bootstrap --enable-shared --enable-threads=posix --enable-checking=release --with-system-zlib --enable-__cxa_atexit --disable-libunwind-exceptions --enable-gnu-unique-object --enable-linker-build-id --with-linker-hash-style=gnu --enable-languages=c,c++,objc,obj-c++,java,fortran,ada,go,lto --enable-plugin --enable-initfini-array --disable-libgcj --with-isl=/builddir/build/BUILD/gcc-4.8.5-20150702/obj-x86_64-redhat-linux/isl-install --with-cloog=/builddir/build/BUILD/gcc-4.8.5-20150702/obj-x86_64-redhat-linux/cloog-install --enable-gnu-indirect-function --with-tune=generic --with-arch_32=x86-64 --build=x86_64-redhat-linux
Thread model: posix
gcc version 4.8.5 20150623 (Red Hat 4.8.5-28) (GCC) 
COMPILER_PATH=/usr/libexec/gcc/x86_64-redhat-linux/4.8.5/:/usr/libexec/gcc/x86_64-redhat-linux/4.8.5/:/usr/libexec/gcc/x86_64-redhat-linux/:/usr/lib/gcc/x86_64-redhat-linux/4.8.5/:/usr/lib/gcc/x86_64-redhat-linux/
LIBRARY_PATH=/usr/lib/gcc/x86_64-redhat-linux/4.8.5/:/usr/lib/gcc/x86_64-redhat-linux/4.8.5/../../../../lib64/:/lib/../lib64/:/usr/lib/../lib64/:/usr/lib/gcc/x86_64-redhat-linux/4.8.5/../../../:/lib/:/usr/lib/
COLLECT_GCC_OPTIONS='-v' '-o' 'cmTryCompileExec3534135419' '-rdynamic' '-mtune=generic' '-march=x86-64'
 /usr/libexec/gcc/x86_64-redhat-linux/4.8.5/collect2 --build-id --no-add-needed --eh-frame-hdr --hash-style=gnu -m elf_x86_64 -export-dynamic -dynamic-linker /lib64/ld-linux-x86-64.so.2 -o cmTryCompileExec3534135419 /usr/lib/gcc/x86_64-redhat-linux/4.8.5/../../../../lib64/crt1.o /usr/lib/gcc/x86_64-redhat-linux/4.8.5/../../../../lib64/crti.o /usr/lib/gcc/x86_64-redhat-linux/4.8.5/crtbegin.o -L/usr/lib/gcc/x86_64-redhat-linux/4.8.5 -L/usr/lib/gcc/x86_64-redhat-linux/4.8.5/../../../../lib64 -L/lib/../lib64 -L/usr/lib/../lib64 -L/usr/lib/gcc/x86_64-redhat-linux/4.8.5/../../.. CMakeFiles/cmTryCompileExec3534135419.dir/CMakeCCompilerABI.c.o -lgcc --as-needed -lgcc_s --no-as-needed -lc -lgcc --as-needed -lgcc_s --no-as-needed /usr/lib/gcc/x86_64-redhat-linux/4.8.5/crtend.o /usr/lib/gcc/x86_64-redhat-linux/4.8.5/../../../../lib64/crtn.o
gmake[1]: Leaving directory `/cluster/2020shachem/CSL/nestCompile7/CMakeFiles/CMakeTmp'


Parsed C implicit link information from above output:
  link line regex: [^( *|.*[/\])(ld|([^/\]+-)?ld|collect2)[^/\]*( |$)]
  ignore line: [Change Dir: /cluster/2020shachem/CSL/nestCompile7/CMakeFiles/CMakeTmp]
  ignore line: []
  ignore line: [Run Build Command:/usr/bin/gmake "cmTryCompileExec3534135419/fast"]
  ignore line: [/usr/bin/gmake -f CMakeFiles/cmTryCompileExec3534135419.dir/build.make CMakeFiles/cmTryCompileExec3534135419.dir/build]
  ignore line: [gmake[1]: Entering directory `/cluster/2020shachem/CSL/nestCompile7/CMakeFiles/CMakeTmp']
  ignore line: [/usr/bin/cmake -E cmake_progress_report /cluster/2020shachem/CSL/nestCompile7/CMakeFiles/CMakeTmp/CMakeFiles 1]
  ignore line: [Building C object CMakeFiles/cmTryCompileExec3534135419.dir/CMakeCCompilerABI.c.o]
  ignore line: [/usr/bin/cc    -o CMakeFiles/cmTryCompileExec3534135419.dir/CMakeCCompilerABI.c.o   -c /usr/share/cmake/Modules/CMakeCCompilerABI.c]
  ignore line: [Linking C executable cmTryCompileExec3534135419]
  ignore line: [/usr/bin/cmake -E cmake_link_script CMakeFiles/cmTryCompileExec3534135419.dir/link.txt --verbose=1]
  ignore line: [/usr/bin/cc     -v CMakeFiles/cmTryCompileExec3534135419.dir/CMakeCCompilerABI.c.o  -o cmTryCompileExec3534135419 -rdynamic  ]
  ignore line: [Using built-in specs.]
  ignore line: [COLLECT_GCC=/usr/bin/cc]
  ignore line: [COLLECT_LTO_WRAPPER=/usr/libexec/gcc/x86_64-redhat-linux/4.8.5/lto-wrapper]
  ignore line: [Target: x86_64-redhat-linux]
  ignore line: [Configured with: ../configure --prefix=/usr --mandir=/usr/share/man --infodir=/usr/share/info --with-bugurl=http://bugzilla.redhat.com/bugzilla --enable-bootstrap --enable-shared --enable-threads=posix --enable-checking=release --with-system-zlib --enable-__cxa_atexit --disable-libunwind-exceptions --enable-gnu-unique-object --enable-linker-build-id --with-linker-hash-style=gnu --enable-languages=c,c++,objc,obj-c++,java,fortran,ada,go,lto --enable-plugin --enable-initfini-array --disable-libgcj --with-isl=/builddir/build/BUILD/gcc-4.8.5-20150702/obj-x86_64-redhat-linux/isl-install --with-cloog=/builddir/build/BUILD/gcc-4.8.5-20150702/obj-x86_64-redhat-linux/cloog-install --enable-gnu-indirect-function --with-tune=generic --with-arch_32=x86-64 --build=x86_64-redhat-linux]
  ignore line: [Thread model: posix]
  ignore line: [gcc version 4.8.5 20150623 (Red Hat 4.8.5-28) (GCC) ]
  ignore line: [COMPILER_PATH=/usr/libexec/gcc/x86_64-redhat-linux/4.8.5/:/usr/libexec/gcc/x86_64-redhat-linux/4.8.5/:/usr/libexec/gcc/x86_64-redhat-linux/:/usr/lib/gcc/x86_64-redhat-linux/4.8.5/:/usr/lib/gcc/x86_64-redhat-linux/]
  ignore line: [LIBRARY_PATH=/usr/lib/gcc/x86_64-redhat-linux/4.8.5/:/usr/lib/gcc/x86_64-redhat-linux/4.8.5/../../../../lib64/:/lib/../lib64/:/usr/lib/../lib64/:/usr/lib/gcc/x86_64-redhat-linux/4.8.5/../../../:/lib/:/usr/lib/]
  ignore line: [COLLECT_GCC_OPTIONS='-v' '-o' 'cmTryCompileExec3534135419' '-rdynamic' '-mtune=generic' '-march=x86-64']
  link line: [ /usr/libexec/gcc/x86_64-redhat-linux/4.8.5/collect2 --build-id --no-add-needed --eh-frame-hdr --hash-style=gnu -m elf_x86_64 -export-dynamic -dynamic-linker /lib64/ld-linux-x86-64.so.2 -o cmTryCompileExec3534135419 /usr/lib/gcc/x86_64-redhat-linux/4.8.5/../../../../lib64/crt1.o /usr/lib/gcc/x86_64-redhat-linux/4.8.5/../../../../lib64/crti.o /usr/lib/gcc/x86_64-redhat-linux/4.8.5/crtbegin.o -L/usr/lib/gcc/x86_64-redhat-linux/4.8.5 -L/usr/lib/gcc/x86_64-redhat-linux/4.8.5/../../../../lib64 -L/lib/../lib64 -L/usr/lib/../lib64 -L/usr/lib/gcc/x86_64-redhat-linux/4.8.5/../../.. CMakeFiles/cmTryCompileExec3534135419.dir/CMakeCCompilerABI.c.o -lgcc --as-needed -lgcc_s --no-as-needed -lc -lgcc --as-needed -lgcc_s --no-as-needed /usr/lib/gcc/x86_64-redhat-linux/4.8.5/crtend.o /usr/lib/gcc/x86_64-redhat-linux/4.8.5/../../../../lib64/crtn.o]
    arg [/usr/libexec/gcc/x86_64-redhat-linux/4.8.5/collect2] ==> ignore
    arg [--build-id] ==> ignore
    arg [--no-add-needed] ==> ignore
    arg [--eh-frame-hdr] ==> ignore
    arg [--hash-style=gnu] ==> ignore
    arg [-m] ==> ignore
    arg [elf_x86_64] ==> ignore
    arg [-export-dynamic] ==> ignore
    arg [-dynamic-linker] ==> ignore
    arg [/lib64/ld-linux-x86-64.so.2] ==> ignore
    arg [-o] ==> ignore
    arg [cmTryCompileExec3534135419] ==> ignore
    arg [/usr/lib/gcc/x86_64-redhat-linux/4.8.5/../../../../lib64/crt1.o] ==> ignore
    arg [/usr/lib/gcc/x86_64-redhat-linux/4.8.5/../../../../lib64/crti.o] ==> ignore
    arg [/usr/lib/gcc/x86_64-redhat-linux/4.8.5/crtbegin.o] ==> ignore
    arg [-L/usr/lib/gcc/x86_64-redhat-linux/4.8.5] ==> dir [/usr/lib/gcc/x86_64-redhat-linux/4.8.5]
    arg [-L/usr/lib/gcc/x86_64-redhat-linux/4.8.5/../../../../lib64] ==> dir [/usr/lib/gcc/x86_64-redhat-linux/4.8.5/../../../../lib64]
    arg [-L/lib/../lib64] ==> dir [/lib/../lib64]
    arg [-L/usr/lib/../lib64] ==> dir [/usr/lib/../lib64]
    arg [-L/usr/lib/gcc/x86_64-redhat-linux/4.8.5/../../..] ==> dir [/usr/lib/gcc/x86_64-redhat-linux/4.8.5/../../..]
    arg [CMakeFiles/cmTryCompileExec3534135419.dir/CMakeCCompilerABI.c.o] ==> ignore
    arg [-lgcc] ==> lib [gcc]
    arg [--as-needed] ==> ignore
    arg [-lgcc_s] ==> lib [gcc_s]
    arg [--no-as-needed] ==> ignore
    arg [-lc] ==> lib [c]
    arg [-lgcc] ==> lib [gcc]
    arg [--as-needed] ==> ignore
    arg [-lgcc_s] ==> lib [gcc_s]
    arg [--no-as-needed] ==> ignore
    arg [/usr/lib/gcc/x86_64-redhat-linux/4.8.5/crtend.o] ==> ignore
    arg [/usr/lib/gcc/x86_64-redhat-linux/4.8.5/../../../../lib64/crtn.o] ==> ignore
  remove lib [gcc]
  remove lib [gcc_s]
  remove lib [gcc]
  remove lib [gcc_s]
  collapse library dir [/usr/lib/gcc/x86_64-redhat-linux/4.8.5] ==> [/usr/lib/gcc/x86_64-redhat-linux/4.8.5]
  collapse library dir [/usr/lib/gcc/x86_64-redhat-linux/4.8.5/../../../../lib64] ==> [/usr/lib64]
  collapse library dir [/lib/../lib64] ==> [/lib64]
  collapse library dir [/usr/lib/../lib64] ==> [/usr/lib64]
  collapse library dir [/usr/lib/gcc/x86_64-redhat-linux/4.8.5/../../..] ==> [/usr/lib]
  implicit libs: [c]
  implicit dirs: [/usr/lib/gcc/x86_64-redhat-linux/4.8.5;/usr/lib64;/lib64;/usr/lib]
  implicit fwks: []


Determining if files inttypes.h exist passed with the following output:
Change Dir: /cluster/2020shachem/CSL/nestCompile7/CMakeFiles/CMakeTmp

Run Build Command:/usr/bin/gmake "cmTryCompileExec2161034252/fast"
/usr/bin/gmake -f CMakeFiles/cmTryCompileExec2161034252.dir/build.make CMakeFiles/cmTryCompileExec2161034252.dir/build
gmake[1]: Entering directory `/cluster/2020shachem/CSL/nestCompile7/CMakeFiles/CMakeTmp'
/usr/bin/cmake -E cmake_progress_report /cluster/2020shachem/CSL/nestCompile7/CMakeFiles/CMakeTmp/CMakeFiles 1
Building C object CMakeFiles/cmTryCompileExec2161034252.dir/CheckIncludeFiles.c.o
/usr/bin/cc    -o CMakeFiles/cmTryCompileExec2161034252.dir/CheckIncludeFiles.c.o   -c /cluster/2020shachem/CSL/nestCompile7/CMakeFiles/CMakeTmp/CheckIncludeFiles.c
Linking C executable cmTryCompileExec2161034252
/usr/bin/cmake -E cmake_link_script CMakeFiles/cmTryCompileExec2161034252.dir/link.txt --verbose=1
/usr/bin/cc       CMakeFiles/cmTryCompileExec2161034252.dir/CheckIncludeFiles.c.o  -o cmTryCompileExec2161034252 -rdynamic 
gmake[1]: Leaving directory `/cluster/2020shachem/CSL/nestCompile7/CMakeFiles/CMakeTmp'


Determining if files memory.h exist passed with the following output:
Change Dir: /cluster/2020shachem/CSL/nestCompile7/CMakeFiles/CMakeTmp

Run Build Command:/usr/bin/gmake "cmTryCompileExec2400506620/fast"
/usr/bin/gmake -f CMakeFiles/cmTryCompileExec2400506620.dir/build.make CMakeFiles/cmTryCompileExec2400506620.dir/build
gmake[1]: Entering directory `/cluster/2020shachem/CSL/nestCompile7/CMakeFiles/CMakeTmp'
/usr/bin/cmake -E cmake_progress_report /cluster/2020shachem/CSL/nestCompile7/CMakeFiles/CMakeTmp/CMakeFiles 1
Building C object CMakeFiles/cmTryCompileExec2400506620.dir/CheckIncludeFiles.c.o
/usr/bin/cc    -o CMakeFiles/cmTryCompileExec2400506620.dir/CheckIncludeFiles.c.o   -c /cluster/2020shachem/CSL/nestCompile7/CMakeFiles/CMakeTmp/CheckIncludeFiles.c
Linking C executable cmTryCompileExec2400506620
/usr/bin/cmake -E cmake_link_script CMakeFiles/cmTryCompileExec2400506620.dir/link.txt --verbose=1
/usr/bin/cc       CMakeFiles/cmTryCompileExec2400506620.dir/CheckIncludeFiles.c.o  -o cmTryCompileExec2400506620 -rdynamic 
gmake[1]: Leaving directory `/cluster/2020shachem/CSL/nestCompile7/CMakeFiles/CMakeTmp'


Determining if files stdint.h exist passed with the following output:
Change Dir: /cluster/2020shachem/CSL/nestCompile7/CMakeFiles/CMakeTmp

Run Build Command:/usr/bin/gmake "cmTryCompileExec863314520/fast"
/usr/bin/gmake -f CMakeFiles/cmTryCompileExec863314520.dir/build.make CMakeFiles/cmTryCompileExec863314520.dir/build
gmake[1]: Entering directory `/cluster/2020shachem/CSL/nestCompile7/CMakeFiles/CMakeTmp'
/usr/bin/cmake -E cmake_progress_report /cluster/2020shachem/CSL/nestCompile7/CMakeFiles/CMakeTmp/CMakeFiles 1
Building C object CMakeFiles/cmTryCompileExec863314520.dir/CheckIncludeFiles.c.o
/usr/bin/cc    -o CMakeFiles/cmTryCompileExec863314520.dir/CheckIncludeFiles.c.o   -c /cluster/2020shachem/CSL/nestCompile7/CMakeFiles/CMakeTmp/CheckIncludeFiles.c
Linking C executable cmTryCompileExec863314520
/usr/bin/cmake -E cmake_link_script CMakeFiles/cmTryCompileExec863314520.dir/link.txt --verbose=1
/usr/bin/cc       CMakeFiles/cmTryCompileExec863314520.dir/CheckIncludeFiles.c.o  -o cmTryCompileExec863314520 -rdynamic 
gmake[1]: Leaving directory `/cluster/2020shachem/CSL/nestCompile7/CMakeFiles/CMakeTmp'


Determining if files sys/types.h exist passed with the following output:
Change Dir: /cluster/2020shachem/CSL/nestCompile7/CMakeFiles/CMakeTmp

Run Build Command:/usr/bin/gmake "cmTryCompileExec1324496871/fast"
/usr/bin/gmake -f CMakeFiles/cmTryCompileExec1324496871.dir/build.make CMakeFiles/cmTryCompileExec1324496871.dir/build
gmake[1]: Entering directory `/cluster/2020shachem/CSL/nestCompile7/CMakeFiles/CMakeTmp'
/usr/bin/cmake -E cmake_progress_report /cluster/2020shachem/CSL/nestCompile7/CMakeFiles/CMakeTmp/CMakeFiles 1
Building C object CMakeFiles/cmTryCompileExec1324496871.dir/CheckIncludeFiles.c.o
/usr/bin/cc    -o CMakeFiles/cmTryCompileExec1324496871.dir/CheckIncludeFiles.c.o   -c /cluster/2020shachem/CSL/nestCompile7/CMakeFiles/CMakeTmp/CheckIncludeFiles.c
Linking C executable cmTryCompileExec1324496871
/usr/bin/cmake -E cmake_link_script CMakeFiles/cmTryCompileExec1324496871.dir/link.txt --verbose=1
/usr/bin/cc       CMakeFiles/cmTryCompileExec1324496871.dir/CheckIncludeFiles.c.o  -o cmTryCompileExec1324496871 -rdynamic 
gmake[1]: Leaving directory `/cluster/2020shachem/CSL/nestCompile7/CMakeFiles/CMakeTmp'


Determining if the include file istream exists passed with the following output:
Change Dir: /cluster/2020shachem/CSL/nestCompile7/CMakeFiles/CMakeTmp

Run Build Command:/usr/bin/gmake "cmTryCompileExec3170709273/fast"
/usr/bin/gmake -f CMakeFiles/cmTryCompileExec3170709273.dir/build.make CMakeFiles/cmTryCompileExec3170709273.dir/build
gmake[1]: Entering directory `/cluster/2020shachem/CSL/nestCompile7/CMakeFiles/CMakeTmp'
/usr/bin/cmake -E cmake_progress_report /cluster/2020shachem/CSL/nestCompile7/CMakeFiles/CMakeTmp/CMakeFiles 1
Building CXX object CMakeFiles/cmTryCompileExec3170709273.dir/CheckIncludeFile.cxx.o
/usr/bin/c++     -o CMakeFiles/cmTryCompileExec3170709273.dir/CheckIncludeFile.cxx.o -c /cluster/2020shachem/CSL/nestCompile7/CMakeFiles/CMakeTmp/CheckIncludeFile.cxx
Linking CXX executable cmTryCompileExec3170709273
/usr/bin/cmake -E cmake_link_script CMakeFiles/cmTryCompileExec3170709273.dir/link.txt --verbose=1
/usr/bin/c++        CMakeFiles/cmTryCompileExec3170709273.dir/CheckIncludeFile.cxx.o  -o cmTryCompileExec3170709273 -rdynamic 
gmake[1]: Leaving directory `/cluster/2020shachem/CSL/nestCompile7/CMakeFiles/CMakeTmp'


Determining if the include file ostream exists passed with the following output:
Change Dir: /cluster/2020shachem/CSL/nestCompile7/CMakeFiles/CMakeTmp

Run Build Command:/usr/bin/gmake "cmTryCompileExec770784642/fast"
/usr/bin/gmake -f CMakeFiles/cmTryCompileExec770784642.dir/build.make CMakeFiles/cmTryCompileExec770784642.dir/build
gmake[1]: Entering directory `/cluster/2020shachem/CSL/nestCompile7/CMakeFiles/CMakeTmp'
/usr/bin/cmake -E cmake_progress_report /cluster/2020shachem/CSL/nestCompile7/CMakeFiles/CMakeTmp/CMakeFiles 1
Building CXX object CMakeFiles/cmTryCompileExec770784642.dir/CheckIncludeFile.cxx.o
/usr/bin/c++     -o CMakeFiles/cmTryCompileExec770784642.dir/CheckIncludeFile.cxx.o -c /cluster/2020shachem/CSL/nestCompile7/CMakeFiles/CMakeTmp/CheckIncludeFile.cxx
Linking CXX executable cmTryCompileExec770784642
/usr/bin/cmake -E cmake_link_script CMakeFiles/cmTryCompileExec770784642.dir/link.txt --verbose=1
/usr/bin/c++        CMakeFiles/cmTryCompileExec770784642.dir/CheckIncludeFile.cxx.o  -o cmTryCompileExec770784642 -rdynamic 
gmake[1]: Leaving directory `/cluster/2020shachem/CSL/nestCompile7/CMakeFiles/CMakeTmp'


Determining if the include file sstream exists passed with the following output:
Change Dir: /cluster/2020shachem/CSL/nestCompile7/CMakeFiles/CMakeTmp

Run Build Command:/usr/bin/gmake "cmTryCompileExec1049623222/fast"
/usr/bin/gmake -f CMakeFiles/cmTryCompileExec1049623222.dir/build.make CMakeFiles/cmTryCompileExec1049623222.dir/build
gmake[1]: Entering directory `/cluster/2020shachem/CSL/nestCompile7/CMakeFiles/CMakeTmp'
/usr/bin/cmake -E cmake_progress_report /cluster/2020shachem/CSL/nestCompile7/CMakeFiles/CMakeTmp/CMakeFiles 1
Building CXX object CMakeFiles/cmTryCompileExec1049623222.dir/CheckIncludeFile.cxx.o
/usr/bin/c++     -o CMakeFiles/cmTryCompileExec1049623222.dir/CheckIncludeFile.cxx.o -c /cluster/2020shachem/CSL/nestCompile7/CMakeFiles/CMakeTmp/CheckIncludeFile.cxx
Linking CXX executable cmTryCompileExec1049623222
/usr/bin/cmake -E cmake_link_script CMakeFiles/cmTryCompileExec1049623222.dir/link.txt --verbose=1
/usr/bin/c++        CMakeFiles/cmTryCompileExec1049623222.dir/CheckIncludeFile.cxx.o  -o cmTryCompileExec1049623222 -rdynamic 
gmake[1]: Leaving directory `/cluster/2020shachem/CSL/nestCompile7/CMakeFiles/CMakeTmp'


Determining if the include file stddef.h exists passed with the following output:
Change Dir: /cluster/2020shachem/CSL/nestCompile7/CMakeFiles/CMakeTmp

Run Build Command:/usr/bin/gmake "cmTryCompileExec1363498521/fast"
/usr/bin/gmake -f CMakeFiles/cmTryCompileExec1363498521.dir/build.make CMakeFiles/cmTryCompileExec1363498521.dir/build
gmake[1]: Entering directory `/cluster/2020shachem/CSL/nestCompile7/CMakeFiles/CMakeTmp'
/usr/bin/cmake -E cmake_progress_report /cluster/2020shachem/CSL/nestCompile7/CMakeFiles/CMakeTmp/CMakeFiles 1
Building C object CMakeFiles/cmTryCompileExec1363498521.dir/CheckIncludeFile.c.o
/usr/bin/cc    -o CMakeFiles/cmTryCompileExec1363498521.dir/CheckIncludeFile.c.o   -c /cluster/2020shachem/CSL/nestCompile7/CMakeFiles/CMakeTmp/CheckIncludeFile.c
Linking C executable cmTryCompileExec1363498521
/usr/bin/cmake -E cmake_link_script CMakeFiles/cmTryCompileExec1363498521.dir/link.txt --verbose=1
/usr/bin/cc       CMakeFiles/cmTryCompileExec1363498521.dir/CheckIncludeFile.c.o  -o cmTryCompileExec1363498521 -rdynamic 
gmake[1]: Leaving directory `/cluster/2020shachem/CSL/nestCompile7/CMakeFiles/CMakeTmp'


Determining size of long long passed with the following output:
Change Dir: /cluster/2020shachem/CSL/nestCompile7/CMakeFiles/CMakeTmp

Run Build Command:/usr/bin/gmake "cmTryCompileExec875837969/fast"
/usr/bin/gmake -f CMakeFiles/cmTryCompileExec875837969.dir/build.make CMakeFiles/cmTryCompileExec875837969.dir/build
gmake[1]: Entering directory `/cluster/2020shachem/CSL/nestCompile7/CMakeFiles/CMakeTmp'
/usr/bin/cmake -E cmake_progress_report /cluster/2020shachem/CSL/nestCompile7/CMakeFiles/CMakeTmp/CMakeFiles 1
Building C object CMakeFiles/cmTryCompileExec875837969.dir/LONG_LONG_SIZE.c.o
/usr/bin/cc    -o CMakeFiles/cmTryCompileExec875837969.dir/LONG_LONG_SIZE.c.o   -c /cluster/2020shachem/CSL/nestCompile7/CMakeFiles/CheckTypeSize/LONG_LONG_SIZE.c
Linking C executable cmTryCompileExec875837969
/usr/bin/cmake -E cmake_link_script CMakeFiles/cmTryCompileExec875837969.dir/link.txt --verbose=1
/usr/bin/cc       CMakeFiles/cmTryCompileExec875837969.dir/LONG_LONG_SIZE.c.o  -o cmTryCompileExec875837969 -rdynamic 
gmake[1]: Leaving directory `/cluster/2020shachem/CSL/nestCompile7/CMakeFiles/CMakeTmp'


Determining size of uint16_t passed with the following output:
Change Dir: /cluster/2020shachem/CSL/nestCompile7/CMakeFiles/CMakeTmp

Run Build Command:/usr/bin/gmake "cmTryCompileExec430664570/fast"
/usr/bin/gmake -f CMakeFiles/cmTryCompileExec430664570.dir/build.make CMakeFiles/cmTryCompileExec430664570.dir/build
gmake[1]: Entering directory `/cluster/2020shachem/CSL/nestCompile7/CMakeFiles/CMakeTmp'
/usr/bin/cmake -E cmake_progress_report /cluster/2020shachem/CSL/nestCompile7/CMakeFiles/CMakeTmp/CMakeFiles 1
Building C object CMakeFiles/cmTryCompileExec430664570.dir/UINT16_T_SIZE.c.o
/usr/bin/cc    -o CMakeFiles/cmTryCompileExec430664570.dir/UINT16_T_SIZE.c.o   -c /cluster/2020shachem/CSL/nestCompile7/CMakeFiles/CheckTypeSize/UINT16_T_SIZE.c
Linking C executable cmTryCompileExec430664570
/usr/bin/cmake -E cmake_link_script CMakeFiles/cmTryCompileExec430664570.dir/link.txt --verbose=1
/usr/bin/cc       CMakeFiles/cmTryCompileExec430664570.dir/UINT16_T_SIZE.c.o  -o cmTryCompileExec430664570 -rdynamic 
gmake[1]: Leaving directory `/cluster/2020shachem/CSL/nestCompile7/CMakeFiles/CMakeTmp'


Determining if the NAN exist passed with the following output:
Change Dir: /cluster/2020shachem/CSL/nestCompile7/CMakeFiles/CMakeTmp

Run Build Command:/usr/bin/gmake "cmTryCompileExec3969346282/fast"
/usr/bin/gmake -f CMakeFiles/cmTryCompileExec3969346282.dir/build.make CMakeFiles/cmTryCompileExec3969346282.dir/build
gmake[1]: Entering directory `/cluster/2020shachem/CSL/nestCompile7/CMakeFiles/CMakeTmp'
/usr/bin/cmake -E cmake_progress_report /cluster/2020shachem/CSL/nestCompile7/CMakeFiles/CMakeTmp/CMakeFiles 1
Building C object CMakeFiles/cmTryCompileExec3969346282.dir/CheckSymbolExists.c.o
/usr/bin/cc    -o CMakeFiles/cmTryCompileExec3969346282.dir/CheckSymbolExists.c.o   -c /cluster/2020shachem/CSL/nestCompile7/CMakeFiles/CMakeTmp/CheckSymbolExists.c
Linking C executable cmTryCompileExec3969346282
/usr/bin/cmake -E cmake_link_script CMakeFiles/cmTryCompileExec3969346282.dir/link.txt --verbose=1
/usr/bin/cc       CMakeFiles/cmTryCompileExec3969346282.dir/CheckSymbolExists.c.o  -o cmTryCompileExec3969346282 -rdynamic 
gmake[1]: Leaving directory `/cluster/2020shachem/CSL/nestCompile7/CMakeFiles/CMakeTmp'

File /cluster/2020shachem/CSL/nestCompile7/CMakeFiles/CMakeTmp/CheckSymbolExists.c:
/* */
#include <math.h>

int main(int argc, char** argv)
{
  (void)argv;
#ifndef NAN
  return ((int*)(&NAN))[argc];
#else
  (void)argc;
  return 0;
#endif
}

Determining if the isnan exist passed with the following output:
Change Dir: /cluster/2020shachem/CSL/nestCompile7/CMakeFiles/CMakeTmp

Run Build Command:/usr/bin/gmake "cmTryCompileExec2155882359/fast"
/usr/bin/gmake -f CMakeFiles/cmTryCompileExec2155882359.dir/build.make CMakeFiles/cmTryCompileExec2155882359.dir/build
gmake[1]: Entering directory `/cluster/2020shachem/CSL/nestCompile7/CMakeFiles/CMakeTmp'
/usr/bin/cmake -E cmake_progress_report /cluster/2020shachem/CSL/nestCompile7/CMakeFiles/CMakeTmp/CMakeFiles 1
Building C object CMakeFiles/cmTryCompileExec2155882359.dir/CheckSymbolExists.c.o
/usr/bin/cc    -o CMakeFiles/cmTryCompileExec2155882359.dir/CheckSymbolExists.c.o   -c /cluster/2020shachem/CSL/nestCompile7/CMakeFiles/CMakeTmp/CheckSymbolExists.c
Linking C executable cmTryCompileExec2155882359
/usr/bin/cmake -E cmake_link_script CMakeFiles/cmTryCompileExec2155882359.dir/link.txt --verbose=1
/usr/bin/cc       CMakeFiles/cmTryCompileExec2155882359.dir/CheckSymbolExists.c.o  -o cmTryCompileExec2155882359 -rdynamic 
gmake[1]: Leaving directory `/cluster/2020shachem/CSL/nestCompile7/CMakeFiles/CMakeTmp'

File /cluster/2020shachem/CSL/nestCompile7/CMakeFiles/CMakeTmp/CheckSymbolExists.c:
/* */
#include <math.h>

int main(int argc, char** argv)
{
  (void)argv;
#ifndef isnan
  return ((int*)(&isnan))[argc];
#else
  (void)argc;
  return 0;
#endif
}

Determining if the M_E exist passed with the following output:
Change Dir: /cluster/2020shachem/CSL/nestCompile7/CMakeFiles/CMakeTmp

Run Build Command:/usr/bin/gmake "cmTryCompileExec3196143380/fast"
/usr/bin/gmake -f CMakeFiles/cmTryCompileExec3196143380.dir/build.make CMakeFiles/cmTryCompileExec3196143380.dir/build
gmake[1]: Entering directory `/cluster/2020shachem/CSL/nestCompile7/CMakeFiles/CMakeTmp'
/usr/bin/cmake -E cmake_progress_report /cluster/2020shachem/CSL/nestCompile7/CMakeFiles/CMakeTmp/CMakeFiles 1
Building CXX object CMakeFiles/cmTryCompileExec3196143380.dir/CheckSymbolExists.cxx.o
/usr/bin/c++     -o CMakeFiles/cmTryCompileExec3196143380.dir/CheckSymbolExists.cxx.o -c /cluster/2020shachem/CSL/nestCompile7/CMakeFiles/CMakeTmp/CheckSymbolExists.cxx
Linking CXX executable cmTryCompileExec3196143380
/usr/bin/cmake -E cmake_link_script CMakeFiles/cmTryCompileExec3196143380.dir/link.txt --verbose=1
/usr/bin/c++        CMakeFiles/cmTryCompileExec3196143380.dir/CheckSymbolExists.cxx.o  -o cmTryCompileExec3196143380 -rdynamic 
gmake[1]: Leaving directory `/cluster/2020shachem/CSL/nestCompile7/CMakeFiles/CMakeTmp'

File /cluster/2020shachem/CSL/nestCompile7/CMakeFiles/CMakeTmp/CheckSymbolExists.cxx:
/* */
#include <cmath>

int main(int argc, char** argv)
{
  (void)argv;
#ifndef M_E
  return ((int*)(&M_E))[argc];
#else
  (void)argc;
  return 0;
#endif
}

Determining if the M_PI exist passed with the following output:
Change Dir: /cluster/2020shachem/CSL/nestCompile7/CMakeFiles/CMakeTmp

Run Build Command:/usr/bin/gmake "cmTryCompileExec2158204187/fast"
/usr/bin/gmake -f CMakeFiles/cmTryCompileExec2158204187.dir/build.make CMakeFiles/cmTryCompileExec2158204187.dir/build
gmake[1]: Entering directory `/cluster/2020shachem/CSL/nestCompile7/CMakeFiles/CMakeTmp'
/usr/bin/cmake -E cmake_progress_report /cluster/2020shachem/CSL/nestCompile7/CMakeFiles/CMakeTmp/CMakeFiles 1
Building CXX object CMakeFiles/cmTryCompileExec2158204187.dir/CheckSymbolExists.cxx.o
/usr/bin/c++     -o CMakeFiles/cmTryCompileExec2158204187.dir/CheckSymbolExists.cxx.o -c /cluster/2020shachem/CSL/nestCompile7/CMakeFiles/CMakeTmp/CheckSymbolExists.cxx
Linking CXX executable cmTryCompileExec2158204187
/usr/bin/cmake -E cmake_link_script CMakeFiles/cmTryCompileExec2158204187.dir/link.txt --verbose=1
/usr/bin/c++        CMakeFiles/cmTryCompileExec2158204187.dir/CheckSymbolExists.cxx.o  -o cmTryCompileExec2158204187 -rdynamic 
gmake[1]: Leaving directory `/cluster/2020shachem/CSL/nestCompile7/CMakeFiles/CMakeTmp'

File /cluster/2020shachem/CSL/nestCompile7/CMakeFiles/CMakeTmp/CheckSymbolExists.cxx:
/* */
#include <cmath>

int main(int argc, char** argv)
{
  (void)argv;
#ifndef M_PI
  return ((int*)(&M_PI))[argc];
#else
  (void)argc;
  return 0;
#endif
}

Performing C SOURCE FILE Test OpenMP_FLAG_DETECTED succeded with the following output:
Change Dir: /cluster/2020shachem/CSL/nestCompile7/CMakeFiles/CMakeTmp

Run Build Command:/usr/bin/gmake "cmTryCompileExec1089913533/fast"
/usr/bin/gmake -f CMakeFiles/cmTryCompileExec1089913533.dir/build.make CMakeFiles/cmTryCompileExec1089913533.dir/build
gmake[1]: Entering directory `/cluster/2020shachem/CSL/nestCompile7/CMakeFiles/CMakeTmp'
/usr/bin/cmake -E cmake_progress_report /cluster/2020shachem/CSL/nestCompile7/CMakeFiles/CMakeTmp/CMakeFiles 1
Building C object CMakeFiles/cmTryCompileExec1089913533.dir/src.c.o
/usr/bin/cc   -O2 -Wall -DOpenMP_FLAG_DETECTED -fopenmp   -o CMakeFiles/cmTryCompileExec1089913533.dir/src.c.o   -c /cluster/2020shachem/CSL/nestCompile7/CMakeFiles/CMakeTmp/src.c
Linking C executable cmTryCompileExec1089913533
/usr/bin/cmake -E cmake_link_script CMakeFiles/cmTryCompileExec1089913533.dir/link.txt --verbose=1
/usr/bin/cc   -O2 -Wall -DOpenMP_FLAG_DETECTED -fopenmp    CMakeFiles/cmTryCompileExec1089913533.dir/src.c.o  -o cmTryCompileExec1089913533 -rdynamic 
gmake[1]: Leaving directory `/cluster/2020shachem/CSL/nestCompile7/CMakeFiles/CMakeTmp'

Source file was:

#include <omp.h>
int main() {
#ifdef _OPENMP
  return 0;
#else
  breaks_on_purpose
#endif
}

Performing C++ SOURCE FILE Test OpenMP_FLAG_DETECTED succeded with the following output:
Change Dir: /cluster/2020shachem/CSL/nestCompile7/CMakeFiles/CMakeTmp

Run Build Command:/usr/bin/gmake "cmTryCompileExec3305412556/fast"
/usr/bin/gmake -f CMakeFiles/cmTryCompileExec3305412556.dir/build.make CMakeFiles/cmTryCompileExec3305412556.dir/build
gmake[1]: Entering directory `/cluster/2020shachem/CSL/nestCompile7/CMakeFiles/CMakeTmp'
/usr/bin/cmake -E cmake_progress_report /cluster/2020shachem/CSL/nestCompile7/CMakeFiles/CMakeTmp/CMakeFiles 1
Building CXX object CMakeFiles/cmTryCompileExec3305412556.dir/src.cxx.o
/usr/bin/c++    -O2 -Wall -DOpenMP_FLAG_DETECTED -fopenmp   -o CMakeFiles/cmTryCompileExec3305412556.dir/src.cxx.o -c /cluster/2020shachem/CSL/nestCompile7/CMakeFiles/CMakeTmp/src.cxx
Linking CXX executable cmTryCompileExec3305412556
/usr/bin/cmake -E cmake_link_script CMakeFiles/cmTryCompileExec3305412556.dir/link.txt --verbose=1
/usr/bin/c++    -O2 -Wall -DOpenMP_FLAG_DETECTED -fopenmp    CMakeFiles/cmTryCompileExec3305412556.dir/src.cxx.o  -o cmTryCompileExec3305412556 -rdynamic 
gmake[1]: Leaving directory `/cluster/2020shachem/CSL/nestCompile7/CMakeFiles/CMakeTmp'

Source file was:

#include <omp.h>
int main() {
#ifdef _OPENMP
  return 0;
#else
  breaks_on_purpose
#endif
}

